[0.414s] [34mcolcon[0m [1;30mDEBUG[0m [32mCommand line arguments: ['/usr/bin/colcon', 'build', '--packages-select', 'full_name_interfaces'][0m
[0.414s] [34mcolcon[0m [1;30mDEBUG[0m [32mParsed command line arguments: Namespace(log_base=None, log_level=None, verb_name='build', build_base='build', install_base='install', merge_install=False, symlink_install=False, test_result_base=None, continue_on_error=False, executor='parallel', parallel_workers=16, event_handlers=None, ignore_user_meta=False, metas=['./colcon.meta'], base_paths=['.'], packages_ignore=None, packages_ignore_regex=None, paths=None, packages_up_to=None, packages_up_to_regex=None, packages_above=None, packages_above_and_dependencies=None, packages_above_depth=None, packages_select_by_dep=None, packages_skip_by_dep=None, packages_skip_up_to=None, packages_select_build_failed=False, packages_skip_build_finished=False, packages_select_test_failures=False, packages_skip_test_passed=False, packages_select=['full_name_interfaces'], packages_skip=None, packages_select_regex=None, packages_skip_regex=None, packages_start=None, packages_end=None, allow_overriding=[], cmake_args=None, cmake_target=None, cmake_target_skip_unavailable=False, cmake_clean_cache=False, cmake_clean_first=False, cmake_force_configure=False, ament_cmake_args=None, catkin_cmake_args=None, catkin_skip_building_tests=False, mixin_files=None, mixin=None, verb_parser=<colcon_mixin.mixin.mixin_argument.MixinArgumentDecorator object at 0x7ed4dee30a60>, verb_extension=<colcon_core.verb.build.BuildVerb object at 0x7ed4dee30580>, main=<bound method BuildVerb.main of <colcon_core.verb.build.BuildVerb object at 0x7ed4dee30580>>, mixin_verb=('build',))[0m
[0.663s] [34mcolcon.colcon_core.package_discovery[0m [1;30mLevel 1[0m discover_packages(colcon_meta) check parameters
[0.663s] [34mcolcon.colcon_core.package_discovery[0m [1;30mLevel 1[0m discover_packages(recursive) check parameters
[0.663s] [34mcolcon.colcon_core.package_discovery[0m [1;30mLevel 1[0m discover_packages(ignore) check parameters
[0.663s] [34mcolcon.colcon_core.package_discovery[0m [1;30mLevel 1[0m discover_packages(path) check parameters
[0.663s] [34mcolcon.colcon_core.package_discovery[0m [1;30mLevel 1[0m discover_packages(colcon_meta) discover
[0.663s] [34mcolcon.colcon_core.package_discovery[0m [1;30mLevel 1[0m discover_packages(recursive) discover
[0.663s] [34mcolcon.colcon_core.package_discovery[0m [1;30mINFO[0m Crawling recursively for packages in '/home/p1xta/Robotics/Task2/ex09/full_name_interfaces'
[0.663s] [34mcolcon.colcon_core.package_identification[0m [1;30mLevel 1[0m _identify(.) by extensions ['ignore', 'ignore_ament_install']
[0.663s] [34mcolcon.colcon_core.package_identification[0m [1;30mLevel 1[0m _identify(.) by extension 'ignore'
[0.664s] [34mcolcon.colcon_core.package_identification[0m [1;30mLevel 1[0m _identify(.) by extension 'ignore_ament_install'
[0.664s] [34mcolcon.colcon_core.package_identification[0m [1;30mLevel 1[0m _identify(.) by extensions ['colcon_pkg']
[0.664s] [34mcolcon.colcon_core.package_identification[0m [1;30mLevel 1[0m _identify(.) by extension 'colcon_pkg'
[0.664s] [34mcolcon.colcon_core.package_identification[0m [1;30mLevel 1[0m _identify(.) by extensions ['colcon_meta']
[0.664s] [34mcolcon.colcon_core.package_identification[0m [1;30mLevel 1[0m _identify(.) by extension 'colcon_meta'
[0.664s] [34mcolcon.colcon_core.package_identification[0m [1;30mLevel 1[0m _identify(.) by extensions ['ros']
[0.664s] [34mcolcon.colcon_core.package_identification[0m [1;30mLevel 1[0m _identify(.) by extension 'ros'
[0.696s] [34mcolcon.colcon_core.package_identification[0m [1;30mDEBUG[0m [32mPackage '.' with type 'ros.ament_cmake' and name 'full_name_interfaces'[0m
[0.697s] [34mcolcon.colcon_core.package_discovery[0m [1;30mLevel 1[0m discover_packages(recursive) using defaults
[0.697s] [34mcolcon.colcon_core.package_discovery[0m [1;30mLevel 1[0m discover_packages(ignore) discover
[0.697s] [34mcolcon.colcon_core.package_discovery[0m [1;30mLevel 1[0m discover_packages(ignore) using defaults
[0.697s] [34mcolcon.colcon_core.package_discovery[0m [1;30mLevel 1[0m discover_packages(path) discover
[0.697s] [34mcolcon.colcon_core.package_discovery[0m [1;30mLevel 1[0m discover_packages(path) using defaults
[0.745s] [34mcolcon.colcon_core.package_discovery[0m [1;30mLevel 1[0m discover_packages(prefix_path) check parameters
[0.746s] [34mcolcon.colcon_core.package_discovery[0m [1;30mLevel 1[0m discover_packages(prefix_path) discover
[0.756s] [34mcolcon.colcon_installed_package_information.package_discovery[0m [1;30mDEBUG[0m [32mFound 271 installed packages in /opt/ros/humble[0m
[0.758s] [34mcolcon.colcon_core.package_discovery[0m [1;30mLevel 1[0m discover_packages(prefix_path) using defaults
[0.913s] [34mcolcon.colcon_core.verb[0m [1;30mLevel 5[0m set package 'full_name_interfaces' build argument 'cmake_args' from command line to 'None'
[0.913s] [34mcolcon.colcon_core.verb[0m [1;30mLevel 5[0m set package 'full_name_interfaces' build argument 'cmake_target' from command line to 'None'
[0.913s] [34mcolcon.colcon_core.verb[0m [1;30mLevel 5[0m set package 'full_name_interfaces' build argument 'cmake_target_skip_unavailable' from command line to 'False'
[0.913s] [34mcolcon.colcon_core.verb[0m [1;30mLevel 5[0m set package 'full_name_interfaces' build argument 'cmake_clean_cache' from command line to 'False'
[0.913s] [34mcolcon.colcon_core.verb[0m [1;30mLevel 5[0m set package 'full_name_interfaces' build argument 'cmake_clean_first' from command line to 'False'
[0.913s] [34mcolcon.colcon_core.verb[0m [1;30mLevel 5[0m set package 'full_name_interfaces' build argument 'cmake_force_configure' from command line to 'False'
[0.913s] [34mcolcon.colcon_core.verb[0m [1;30mLevel 5[0m set package 'full_name_interfaces' build argument 'ament_cmake_args' from command line to 'None'
[0.913s] [34mcolcon.colcon_core.verb[0m [1;30mLevel 5[0m set package 'full_name_interfaces' build argument 'catkin_cmake_args' from command line to 'None'
[0.913s] [34mcolcon.colcon_core.verb[0m [1;30mLevel 5[0m set package 'full_name_interfaces' build argument 'catkin_skip_building_tests' from command line to 'False'
[0.913s] [34mcolcon.colcon_core.verb[0m [1;30mDEBUG[0m [32mBuilding package 'full_name_interfaces' with the following arguments: {'ament_cmake_args': None, 'build_base': '/home/p1xta/Robotics/Task2/ex09/full_name_interfaces/build/full_name_interfaces', 'catkin_cmake_args': None, 'catkin_skip_building_tests': False, 'cmake_args': None, 'cmake_clean_cache': False, 'cmake_clean_first': False, 'cmake_force_configure': False, 'cmake_target': None, 'cmake_target_skip_unavailable': False, 'install_base': '/home/p1xta/Robotics/Task2/ex09/full_name_interfaces/install/full_name_interfaces', 'merge_install': False, 'path': '/home/p1xta/Robotics/Task2/ex09/full_name_interfaces', 'symlink_install': False, 'test_result_base': None}[0m
[0.914s] [34mcolcon.colcon_core.executor[0m [1;30mINFO[0m Executing jobs using 'parallel' executor
[0.915s] [34mcolcon.colcon_parallel_executor.executor.parallel[0m [1;30mDEBUG[0m [32mrun_until_complete[0m
[0.916s] [34mcolcon.colcon_ros.task.ament_cmake.build[0m [1;30mINFO[0m Building ROS package in '/home/p1xta/Robotics/Task2/ex09/full_name_interfaces' with build type 'ament_cmake'
[0.916s] [34mcolcon.colcon_cmake.task.cmake.build[0m [1;30mINFO[0m Building CMake package in '/home/p1xta/Robotics/Task2/ex09/full_name_interfaces'
[0.928s] [34mcolcon.colcon_core.plugin_system[0m [1;30mINFO[0m Skipping extension 'colcon_core.shell.bat': Not used on non-Windows systems
[0.928s] [34mcolcon.colcon_core.shell[0m [1;30mINFO[0m Skip shell extension 'powershell' for command environment: Not usable outside of PowerShell
[0.928s] [34mcolcon.colcon_core.shell[0m [1;30mDEBUG[0m [32mSkip shell extension 'dsv' for command environment[0m
[0.951s] [34mcolcon.colcon_core.event_handler.log_command[0m [1;30mDEBUG[0m [32mInvoking command in '/home/p1xta/Robotics/Task2/ex09/full_name_interfaces/build/full_name_interfaces': CMAKE_PREFIX_PATH=/opt/ros/humble /usr/bin/cmake /home/p1xta/Robotics/Task2/ex09/full_name_interfaces -DCMAKE_INSTALL_PREFIX=/home/p1xta/Robotics/Task2/ex09/full_name_interfaces/install/full_name_interfaces[0m
[4.683s] [34mcolcon.colcon_core.event_handler.log_command[0m [1;30mDEBUG[0m [32mInvoked command in '/home/p1xta/Robotics/Task2/ex09/full_name_interfaces/build/full_name_interfaces' returned '1': CMAKE_PREFIX_PATH=/opt/ros/humble /usr/bin/cmake /home/p1xta/Robotics/Task2/ex09/full_name_interfaces -DCMAKE_INSTALL_PREFIX=/home/p1xta/Robotics/Task2/ex09/full_name_interfaces/install/full_name_interfaces[0m
[4.705s] [34mcolcon.colcon_core.environment[0m [1;30mLevel 1[0m create_environment_scripts_only(full_name_interfaces)
[4.717s] [34mcolcon.colcon_core.environment[0m [1;30mLevel 1[0m checking '/home/p1xta/Robotics/Task2/ex09/full_name_interfaces/install/full_name_interfaces' for CMake module files
[4.718s] [34mcolcon.colcon_core.environment[0m [1;30mLevel 1[0m checking '/home/p1xta/Robotics/Task2/ex09/full_name_interfaces/install/full_name_interfaces' for CMake config files
[4.718s] [34mcolcon.colcon_core.environment[0m [1;30mLevel 1[0m checking '/home/p1xta/Robotics/Task2/ex09/full_name_interfaces/install/full_name_interfaces/bin'
[4.718s] [34mcolcon.colcon_core.environment[0m [1;30mLevel 1[0m checking '/home/p1xta/Robotics/Task2/ex09/full_name_interfaces/install/full_name_interfaces/lib/pkgconfig/full_name_interfaces.pc'
[4.719s] [34mcolcon.colcon_core.environment[0m [1;30mLevel 1[0m checking '/home/p1xta/Robotics/Task2/ex09/full_name_interfaces/install/full_name_interfaces/lib/python3.10/site-packages'
[4.719s] [34mcolcon.colcon_core.environment[0m [1;30mLevel 1[0m checking '/home/p1xta/Robotics/Task2/ex09/full_name_interfaces/install/full_name_interfaces/bin'
[4.719s] [34mcolcon.colcon_core.shell[0m [1;30mINFO[0m Creating package script '/home/p1xta/Robotics/Task2/ex09/full_name_interfaces/install/full_name_interfaces/share/full_name_interfaces/package.ps1'
[4.723s] [34mcolcon.colcon_core.shell[0m [1;30mINFO[0m Creating package descriptor '/home/p1xta/Robotics/Task2/ex09/full_name_interfaces/install/full_name_interfaces/share/full_name_interfaces/package.dsv'
[4.725s] [34mcolcon.colcon_core.shell[0m [1;30mINFO[0m Creating package script '/home/p1xta/Robotics/Task2/ex09/full_name_interfaces/install/full_name_interfaces/share/full_name_interfaces/package.sh'
[4.726s] [34mcolcon.colcon_core.shell[0m [1;30mINFO[0m Creating package script '/home/p1xta/Robotics/Task2/ex09/full_name_interfaces/install/full_name_interfaces/share/full_name_interfaces/package.bash'
[4.728s] [34mcolcon.colcon_core.shell[0m [1;30mINFO[0m Creating package script '/home/p1xta/Robotics/Task2/ex09/full_name_interfaces/install/full_name_interfaces/share/full_name_interfaces/package.zsh'
[4.730s] [34mcolcon.colcon_core.environment[0m [1;30mLevel 1[0m create_file_with_runtime_dependencies(/home/p1xta/Robotics/Task2/ex09/full_name_interfaces/install/full_name_interfaces/share/colcon-core/packages/full_name_interfaces)
[4.742s] [34mcolcon.colcon_parallel_executor.executor.parallel[0m [1;30mDEBUG[0m [32mclosing loop[0m
[4.743s] [34mcolcon.colcon_parallel_executor.executor.parallel[0m [1;30mDEBUG[0m [32mloop closed[0m
[4.743s] [34mcolcon.colcon_parallel_executor.executor.parallel[0m [1;30mDEBUG[0m [32mrun_until_complete finished with '1'[0m
[4.743s] [34mcolcon.colcon_core.event_reactor[0m [1;30mDEBUG[0m [32mjoining thread[0m
[4.823s] [34mcolcon.colcon_core.plugin_system[0m [1;30mINFO[0m Skipping extension 'colcon_notification.desktop_notification.notify_send': Could not find 'notify-send'
[4.823s] [34mcolcon.colcon_core.plugin_system[0m [1;30mINFO[0m Skipping extension 'colcon_notification.desktop_notification.terminal_notifier': Not used on non-Darwin systems
[4.824s] [34mcolcon.colcon_core.plugin_system[0m [1;30mINFO[0m Skipping extension 'colcon_notification.desktop_notification.win32': Not used on non-Windows systems
[4.824s] [34mcolcon.colcon_notification.desktop_notification[0m [1;30mINFO[0m Sending desktop notification using 'notify2'
[4.824s] [34mcolcon.colcon_notification.desktop_notification.notify2[0m [1;30mDEBUG[0m [32mFailed to initialize notify2: org.freedesktop.DBus.Error.FileNotFound: Failed to connect to socket /run/user/1000/bus: No such file or directory[0m
[4.824s] [34mcolcon.colcon_core.event_reactor[0m [1;30mDEBUG[0m [32mjoined thread[0m
[4.825s] [34mcolcon.colcon_core.shell[0m [1;30mINFO[0m Creating prefix script '/home/p1xta/Robotics/Task2/ex09/full_name_interfaces/install/local_setup.ps1'
[4.827s] [34mcolcon.colcon_core.shell[0m [1;30mINFO[0m Creating prefix util module '/home/p1xta/Robotics/Task2/ex09/full_name_interfaces/install/_local_setup_util_ps1.py'
[4.830s] [34mcolcon.colcon_core.shell[0m [1;30mINFO[0m Creating prefix chain script '/home/p1xta/Robotics/Task2/ex09/full_name_interfaces/install/setup.ps1'
[4.832s] [34mcolcon.colcon_core.shell[0m [1;30mINFO[0m Creating prefix script '/home/p1xta/Robotics/Task2/ex09/full_name_interfaces/install/local_setup.sh'
[4.833s] [34mcolcon.colcon_core.shell[0m [1;30mINFO[0m Creating prefix util module '/home/p1xta/Robotics/Task2/ex09/full_name_interfaces/install/_local_setup_util_sh.py'
[4.834s] [34mcolcon.colcon_core.shell[0m [1;30mINFO[0m Creating prefix chain script '/home/p1xta/Robotics/Task2/ex09/full_name_interfaces/install/setup.sh'
[4.835s] [34mcolcon.colcon_core.shell[0m [1;30mINFO[0m Creating prefix script '/home/p1xta/Robotics/Task2/ex09/full_name_interfaces/install/local_setup.bash'
[4.836s] [34mcolcon.colcon_core.shell[0m [1;30mINFO[0m Creating prefix chain script '/home/p1xta/Robotics/Task2/ex09/full_name_interfaces/install/setup.bash'
[4.838s] [34mcolcon.colcon_core.shell[0m [1;30mINFO[0m Creating prefix script '/home/p1xta/Robotics/Task2/ex09/full_name_interfaces/install/local_setup.zsh'
[4.839s] [34mcolcon.colcon_core.shell[0m [1;30mINFO[0m Creating prefix chain script '/home/p1xta/Robotics/Task2/ex09/full_name_interfaces/install/setup.zsh'
