[1.107s] Invoking command in '/home/p1xta/Robotics/Task2/ex10/py_pubsub': PYTHONPATH=/home/p1xta/Robotics/Task2/ex10/build/py_pubsub/prefix_override:/usr/lib/python3/dist-packages/colcon_core/task/python/colcon_distutils_commands:/home/p1xta/Robotics/Task2/ex10/install/py_pubsub/lib/python3.10/site-packages:${PYTHONPATH} /usr/bin/python3 -W ignore:setup.py install is deprecated -W ignore:easy_install command is deprecated setup.py egg_info --egg-base ../build/py_pubsub build --build-base /home/p1xta/Robotics/Task2/ex10/build/py_pubsub/build install --record /home/p1xta/Robotics/Task2/ex10/build/py_pubsub/install.log --single-version-externally-managed install_data
[1.444s] running egg_info
[1.445s] creating ../build/py_pubsub/py_pubsub.egg-info
[1.446s] writing ../build/py_pubsub/py_pubsub.egg-info/PKG-INFO
[1.446s] writing dependency_links to ../build/py_pubsub/py_pubsub.egg-info/dependency_links.txt
[1.447s] writing entry points to ../build/py_pubsub/py_pubsub.egg-info/entry_points.txt
[1.447s] writing requirements to ../build/py_pubsub/py_pubsub.egg-info/requires.txt
[1.447s] writing top-level names to ../build/py_pubsub/py_pubsub.egg-info/top_level.txt
[1.447s] writing manifest file '../build/py_pubsub/py_pubsub.egg-info/SOURCES.txt'
[1.450s] reading manifest file '../build/py_pubsub/py_pubsub.egg-info/SOURCES.txt'
[1.450s] adding license file 'LICENSE'
[1.451s] writing manifest file '../build/py_pubsub/py_pubsub.egg-info/SOURCES.txt'
[1.451s] running build
[1.451s] running build_py
[1.452s] creating /home/p1xta/Robotics/Task2/ex10/build/py_pubsub/build
[1.453s] creating /home/p1xta/Robotics/Task2/ex10/build/py_pubsub/build/lib
[1.454s] creating /home/p1xta/Robotics/Task2/ex10/build/py_pubsub/build/lib/py_pubsub
[1.454s] copying py_pubsub/text_to_cmd_vel.py -> /home/p1xta/Robotics/Task2/ex10/build/py_pubsub/build/lib/py_pubsub
[1.455s] copying py_pubsub/__init__.py -> /home/p1xta/Robotics/Task2/ex10/build/py_pubsub/build/lib/py_pubsub
[1.456s] running install
[1.456s] running install_lib
[1.457s] creating /home/p1xta/Robotics/Task2/ex10/install/py_pubsub/lib/python3.10/site-packages/py_pubsub
[1.458s] copying /home/p1xta/Robotics/Task2/ex10/build/py_pubsub/build/lib/py_pubsub/text_to_cmd_vel.py -> /home/p1xta/Robotics/Task2/ex10/install/py_pubsub/lib/python3.10/site-packages/py_pubsub
[1.459s] copying /home/p1xta/Robotics/Task2/ex10/build/py_pubsub/build/lib/py_pubsub/__init__.py -> /home/p1xta/Robotics/Task2/ex10/install/py_pubsub/lib/python3.10/site-packages/py_pubsub
[1.460s] byte-compiling /home/p1xta/Robotics/Task2/ex10/install/py_pubsub/lib/python3.10/site-packages/py_pubsub/text_to_cmd_vel.py to text_to_cmd_vel.cpython-310.pyc
[1.461s] byte-compiling /home/p1xta/Robotics/Task2/ex10/install/py_pubsub/lib/python3.10/site-packages/py_pubsub/__init__.py to __init__.cpython-310.pyc
[1.461s] running install_data
[1.462s] creating /home/p1xta/Robotics/Task2/ex10/install/py_pubsub/share/ament_index
[1.462s] creating /home/p1xta/Robotics/Task2/ex10/install/py_pubsub/share/ament_index/resource_index
[1.463s] creating /home/p1xta/Robotics/Task2/ex10/install/py_pubsub/share/ament_index/resource_index/packages
[1.464s] copying resource/py_pubsub -> /home/p1xta/Robotics/Task2/ex10/install/py_pubsub/share/ament_index/resource_index/packages
[1.464s] copying package.xml -> /home/p1xta/Robotics/Task2/ex10/install/py_pubsub/share/py_pubsub
[1.465s] running install_egg_info
[1.467s] Copying ../build/py_pubsub/py_pubsub.egg-info to /home/p1xta/Robotics/Task2/ex10/install/py_pubsub/lib/python3.10/site-packages/py_pubsub-0.0.0-py3.10.egg-info
[1.470s] running install_scripts
[1.494s] Installing text_to_cmd_vel script to /home/p1xta/Robotics/Task2/ex10/install/py_pubsub/lib/py_pubsub
[1.495s] writing list of installed files to '/home/p1xta/Robotics/Task2/ex10/build/py_pubsub/install.log'
[1.525s] Invoked command in '/home/p1xta/Robotics/Task2/ex10/py_pubsub' returned '0': PYTHONPATH=/home/p1xta/Robotics/Task2/ex10/build/py_pubsub/prefix_override:/usr/lib/python3/dist-packages/colcon_core/task/python/colcon_distutils_commands:/home/p1xta/Robotics/Task2/ex10/install/py_pubsub/lib/python3.10/site-packages:${PYTHONPATH} /usr/bin/python3 -W ignore:setup.py install is deprecated -W ignore:easy_install command is deprecated setup.py egg_info --egg-base ../build/py_pubsub build --build-base /home/p1xta/Robotics/Task2/ex10/build/py_pubsub/build install --record /home/p1xta/Robotics/Task2/ex10/build/py_pubsub/install.log --single-version-externally-managed install_data
