[0.034s] Invoking command in '/home/p1xta/Robotics/Task2/ex09/full_name_interfaces/build/full_name_interfaces': CMAKE_PREFIX_PATH=/opt/ros/humble /usr/bin/cmake /home/p1xta/Robotics/Task2/ex09/full_name_interfaces -DCMAKE_INSTALL_PREFIX=/home/p1xta/Robotics/Task2/ex09/full_name_interfaces/install/full_name_interfaces
[0.828s] -- The C compiler identification is GNU 11.4.0
[1.695s] -- The CXX compiler identification is GNU 11.4.0
[2.205s] -- Detecting C compiler ABI info
[2.446s] -- Detecting C compiler ABI info - done
[2.455s] -- Check for working C compiler: /usr/bin/cc - skipped
[2.465s] -- Detecting C compile features
[2.469s] -- Detecting C compile features - done
[2.475s] -- Detecting CXX compiler ABI info
[2.724s] -- Detecting CXX compiler ABI info - done
[2.733s] -- Check for working CXX compiler: /usr/bin/c++ - skipped
[2.734s] -- Detecting CXX compile features
[2.735s] -- Detecting CXX compile features - done
[2.771s] -- Found ament_cmake: 1.3.12 (/opt/ros/humble/share/ament_cmake/cmake)
[3.031s] -- Found Python3: /usr/bin/python3 (found version "3.10.12") found components: Interpreter 
[3.243s] -- Found rosidl_default_generators: 1.2.0 (/opt/ros/humble/share/rosidl_default_generators/cmake)
[3.253s] -- Using all available rosidl_typesupport_c: rosidl_typesupport_fastrtps_c;rosidl_typesupport_introspection_c
[3.272s] -- Found rosidl_adapter: 3.1.7 (/opt/ros/humble/share/rosidl_adapter/cmake)
[3.669s] -- Using all available rosidl_typesupport_cpp: rosidl_typesupport_fastrtps_cpp;rosidl_typesupport_introspection_cpp
[3.755s] [31mCMake Error at /opt/ros/humble/share/rosidl_cmake/cmake/rosidl_generate_interfaces.cmake:93 (message):
[3.756s]   rosidl_generate_interfaces() the passed file 'msg/FullNameMessage.msg'
[3.756s]   doesn't exist relative to the CMAKE_CURRENT_SOURCE_DIR
[3.756s]   '/home/p1xta/Robotics/Task2/ex09/full_name_interfaces'
[3.756s] Call Stack (most recent call first):
[3.756s]   CMakeLists.txt:16 (rosidl_generate_interfaces)
[3.756s] 
[3.756s] [0m
[3.756s] -- Configuring incomplete, errors occurred!
[3.756s] See also "/home/p1xta/Robotics/Task2/ex09/full_name_interfaces/build/full_name_interfaces/CMakeFiles/CMakeOutput.log".
[3.766s] Invoked command in '/home/p1xta/Robotics/Task2/ex09/full_name_interfaces/build/full_name_interfaces' returned '1': CMAKE_PREFIX_PATH=/opt/ros/humble /usr/bin/cmake /home/p1xta/Robotics/Task2/ex09/full_name_interfaces -DCMAKE_INSTALL_PREFIX=/home/p1xta/Robotics/Task2/ex09/full_name_interfaces/install/full_name_interfaces
