[0.021s] Invoking command in '/home/p1xta/Robotics/Task2/ex09/build/full_name_interfaces': CMAKE_PREFIX_PATH=/opt/ros/humble /usr/bin/cmake /home/p1xta/Robotics/Task2/ex09/full_name_interfaces -DCMAKE_INSTALL_PREFIX=/home/p1xta/Robotics/Task2/ex09/install/full_name_interfaces
[0.236s] -- The C compiler identification is GNU 11.4.0
[0.955s] -- The CXX compiler identification is GNU 11.4.0
[1.448s] -- Detecting C compiler ABI info
[1.683s] -- Detecting C compiler ABI info - done
[1.693s] -- Check for working C compiler: /usr/bin/cc - skipped
[1.694s] -- Detecting C compile features
[1.694s] -- Detecting C compile features - done
[1.698s] -- Detecting CXX compiler ABI info
[1.937s] -- Detecting CXX compiler ABI info - done
[1.946s] -- Check for working CXX compiler: /usr/bin/c++ - skipped
[1.947s] -- Detecting CXX compile features
[1.947s] -- Detecting CXX compile features - done
[1.950s] -- Found ament_cmake: 1.3.12 (/opt/ros/humble/share/ament_cmake/cmake)
[2.173s] -- Found Python3: /usr/bin/python3 (found version "3.10.12") found components: Interpreter 
[2.295s] -- Found rosidl_default_generators: 1.2.0 (/opt/ros/humble/share/rosidl_default_generators/cmake)
[2.299s] -- Using all available rosidl_typesupport_c: rosidl_typesupport_fastrtps_c;rosidl_typesupport_introspection_c
[2.307s] -- Found rosidl_adapter: 3.1.7 (/opt/ros/humble/share/rosidl_adapter/cmake)
[2.544s] -- Using all available rosidl_typesupport_cpp: rosidl_typesupport_fastrtps_cpp;rosidl_typesupport_introspection_cpp
[2.586s] [31mCMake Error at /opt/ros/humble/share/rosidl_cmake/cmake/rosidl_generate_interfaces.cmake:93 (message):
[2.586s]   rosidl_generate_interfaces() the passed file 'msg/FullNameMessage.msg'
[2.586s]   doesn't exist relative to the CMAKE_CURRENT_SOURCE_DIR
[2.586s]   '/home/p1xta/Robotics/Task2/ex09/full_name_interfaces'
[2.586s] Call Stack (most recent call first):
[2.586s]   CMakeLists.txt:16 (rosidl_generate_interfaces)
[2.586s] 
[2.587s] [0m
[2.587s] -- Configuring incomplete, errors occurred!
[2.587s] See also "/home/p1xta/Robotics/Task2/ex09/build/full_name_interfaces/CMakeFiles/CMakeOutput.log".
[2.596s] Invoked command in '/home/p1xta/Robotics/Task2/ex09/build/full_name_interfaces' returned '1': CMAKE_PREFIX_PATH=/opt/ros/humble /usr/bin/cmake /home/p1xta/Robotics/Task2/ex09/full_name_interfaces -DCMAKE_INSTALL_PREFIX=/home/p1xta/Robotics/Task2/ex09/install/full_name_interfaces
