[0.019s] Invoking command in '/home/p1xta/Robotics/Task2/ex09/build/full_name_interfaces': CMAKE_PREFIX_PATH=/opt/ros/humble /usr/bin/cmake /home/p1xta/Robotics/Task2/ex09/full_name_interfaces -DCMAKE_INSTALL_PREFIX=/home/p1xta/Robotics/Task2/ex09/install/full_name_interfaces
[0.041s] -- Found ament_cmake: 1.3.12 (/opt/ros/humble/share/ament_cmake/cmake)
[0.236s] -- Found rosidl_default_generators: 1.2.0 (/opt/ros/humble/share/rosidl_default_generators/cmake)
[0.238s] -- Using all available rosidl_typesupport_c: rosidl_typesupport_fastrtps_c;rosidl_typesupport_introspection_c
[0.242s] -- Found rosidl_adapter: 3.1.7 (/opt/ros/humble/share/rosidl_adapter/cmake)
[0.517s] -- Using all available rosidl_typesupport_cpp: rosidl_typesupport_fastrtps_cpp;rosidl_typesupport_introspection_cpp
[0.966s] -- Found ament_cmake_ros: 0.10.0 (/opt/ros/humble/share/ament_cmake_ros/cmake)
[1.273s] -- Using all available rosidl_typesupport_c: rosidl_typesupport_fastrtps_c;rosidl_typesupport_introspection_c
[1.657s] -- Using all available rosidl_typesupport_cpp: rosidl_typesupport_fastrtps_cpp;rosidl_typesupport_introspection_cpp
[1.877s] -- Found PythonInterp: /usr/bin/python3 (found suitable version "3.10.12", minimum required is "3.6") 
[1.890s] -- Found python_cmake_module: 0.10.0 (/opt/ros/humble/share/python_cmake_module/cmake)
[2.480s] -- Found PythonLibs: /usr/lib/x86_64-linux-gnu/libpython3.10.so (found suitable version "3.10.12", minimum required is "3.5") 
[2.480s] -- Using PYTHON_EXECUTABLE: /usr/bin/python3
[2.480s] -- Using PYTHON_INCLUDE_DIRS: /usr/include/python3.10
[2.480s] -- Using PYTHON_LIBRARIES: /usr/lib/x86_64-linux-gnu/libpython3.10.so
[2.511s] -- Found PythonExtra: .so  
[2.648s] -- Found ament_lint_auto: 0.12.14 (/opt/ros/humble/share/ament_lint_auto/cmake)
[2.725s] -- Added test 'cppcheck' to perform static code analysis on C / C++ code
[2.725s] -- Configured cppcheck include dirs: 
[2.725s] -- Configured cppcheck exclude dirs and/or files: 
[2.728s] -- Added test 'flake8' to check Python code syntax and style conventions
[2.733s] -- Added test 'lint_cmake' to check CMake code style
[2.737s] -- Added test 'pep257' to check Python code against some of the docstring style conventions in PEP 257
[2.751s] -- Added test 'uncrustify' to check C / C++ code style
[2.751s] -- Configured uncrustify additional arguments: 
[2.754s] -- Added test 'xmllint' to check XML markup files
[2.763s] -- Configuring done
[2.866s] -- Generating done
[2.882s] -- Build files have been written to: /home/p1xta/Robotics/Task2/ex09/build/full_name_interfaces
[2.893s] Invoked command in '/home/p1xta/Robotics/Task2/ex09/build/full_name_interfaces' returned '0': CMAKE_PREFIX_PATH=/opt/ros/humble /usr/bin/cmake /home/p1xta/Robotics/Task2/ex09/full_name_interfaces -DCMAKE_INSTALL_PREFIX=/home/p1xta/Robotics/Task2/ex09/install/full_name_interfaces
[2.896s] Invoking command in '/home/p1xta/Robotics/Task2/ex09/build/full_name_interfaces': CMAKE_PREFIX_PATH=/opt/ros/humble /usr/bin/cmake --build /home/p1xta/Robotics/Task2/ex09/build/full_name_interfaces -- -j16 -l16
[2.964s] [  2%] [34m[1mGenerating C code for ROS interfaces[0m
[2.986s] [  5%] [34m[1mGenerating C++ code for ROS interfaces[0m
[3.003s] [  5%] Built target ament_cmake_python_copy_full_name_interfaces
[3.422s] running egg_info
[3.423s] creating full_name_interfaces.egg-info
[3.424s] writing full_name_interfaces.egg-info/PKG-INFO
[3.424s] writing dependency_links to full_name_interfaces.egg-info/dependency_links.txt
[3.424s] writing top-level names to full_name_interfaces.egg-info/top_level.txt
[3.425s] writing manifest file 'full_name_interfaces.egg-info/SOURCES.txt'
[3.430s] reading manifest file 'full_name_interfaces.egg-info/SOURCES.txt'
[3.431s] writing manifest file 'full_name_interfaces.egg-info/SOURCES.txt'
[3.503s] [  5%] Built target ament_cmake_python_build_full_name_interfaces_egg
[3.507s] [  5%] Built target full_name_interfaces__cpp
[3.527s] [  7%] [34m[1mGenerating C++ type support dispatch for ROS interfaces[0m
[3.527s] [ 12%] [34m[1mGenerating C++ type support for eProsima Fast-RTPS[0m
[3.527s] [ 12%] [32mBuilding C object CMakeFiles/full_name_interfaces__rosidl_generator_c.dir/rosidl_generator_c/full_name_interfaces/srv/detail/full_name_sum_service__functions.c.o[0m
[3.527s] [ 15%] [34m[1mGenerating C++ introspection for ROS interfaces[0m
[3.528s] [ 17%] [32mBuilding C object CMakeFiles/full_name_interfaces__rosidl_generator_c.dir/rosidl_generator_c/full_name_interfaces/msg/detail/full_name_message__functions.c.o[0m
[3.685s] [ 20%] [32m[1mLinking C shared library libfull_name_interfaces__rosidl_generator_c.so[0m
[3.870s] [ 20%] Built target full_name_interfaces__rosidl_generator_c
[3.889s] [ 23%] [34m[1mGenerating C introspection for ROS interfaces[0m
[3.891s] [ 28%] [34m[1mGenerating C type support for eProsima Fast-RTPS[0m
[3.891s] [ 28%] [34m[1mGenerating C type support dispatch for ROS interfaces[0m
[3.977s] [ 30%] [32mBuilding CXX object CMakeFiles/full_name_interfaces__rosidl_typesupport_cpp.dir/rosidl_typesupport_cpp/full_name_interfaces/msg/full_name_message__type_support.cpp.o[0m
[3.985s] [ 33%] [32mBuilding CXX object CMakeFiles/full_name_interfaces__rosidl_typesupport_cpp.dir/rosidl_typesupport_cpp/full_name_interfaces/srv/full_name_sum_service__type_support.cpp.o[0m
[4.019s] [ 35%] [32mBuilding CXX object CMakeFiles/full_name_interfaces__rosidl_typesupport_fastrtps_cpp.dir/rosidl_typesupport_fastrtps_cpp/full_name_interfaces/msg/detail/dds_fastrtps/full_name_message__type_support.cpp.o[0m
[4.021s] [ 38%] [32mBuilding CXX object CMakeFiles/full_name_interfaces__rosidl_typesupport_fastrtps_cpp.dir/rosidl_typesupport_fastrtps_cpp/full_name_interfaces/srv/detail/dds_fastrtps/full_name_sum_service__type_support.cpp.o[0m
[4.042s] [ 41%] [32mBuilding CXX object CMakeFiles/full_name_interfaces__rosidl_typesupport_introspection_cpp.dir/rosidl_typesupport_introspection_cpp/full_name_interfaces/msg/detail/full_name_message__type_support.cpp.o[0m
[4.043s] [ 43%] [32mBuilding CXX object CMakeFiles/full_name_interfaces__rosidl_typesupport_introspection_cpp.dir/rosidl_typesupport_introspection_cpp/full_name_interfaces/srv/detail/full_name_sum_service__type_support.cpp.o[0m
[4.361s] [ 48%] [32mBuilding CXX object CMakeFiles/full_name_interfaces__rosidl_typesupport_c.dir/rosidl_typesupport_c/full_name_interfaces/srv/full_name_sum_service__type_support.cpp.o[0m
[4.361s] [ 48%] [32mBuilding CXX object CMakeFiles/full_name_interfaces__rosidl_typesupport_c.dir/rosidl_typesupport_c/full_name_interfaces/msg/full_name_message__type_support.cpp.o[0m
[4.435s] [ 51%] [32m[1mLinking CXX shared library libfull_name_interfaces__rosidl_typesupport_c.so[0m
[4.445s] [ 53%] [32mBuilding CXX object CMakeFiles/full_name_interfaces__rosidl_typesupport_fastrtps_c.dir/rosidl_typesupport_fastrtps_c/full_name_interfaces/srv/detail/full_name_sum_service__type_support_c.cpp.o[0m
[4.449s] [ 56%] [32mBuilding CXX object CMakeFiles/full_name_interfaces__rosidl_typesupport_fastrtps_c.dir/rosidl_typesupport_fastrtps_c/full_name_interfaces/msg/detail/full_name_message__type_support_c.cpp.o[0m
[4.476s] [ 58%] [32mBuilding C object CMakeFiles/full_name_interfaces__rosidl_typesupport_introspection_c.dir/rosidl_typesupport_introspection_c/full_name_interfaces/msg/detail/full_name_message__type_support.c.o[0m
[4.478s] [ 61%] [32mBuilding C object CMakeFiles/full_name_interfaces__rosidl_typesupport_introspection_c.dir/rosidl_typesupport_introspection_c/full_name_interfaces/srv/detail/full_name_sum_service__type_support.c.o[0m
[4.561s] [ 64%] [32m[1mLinking C shared library libfull_name_interfaces__rosidl_typesupport_introspection_c.so[0m
[4.627s] [ 66%] [32m[1mLinking CXX shared library libfull_name_interfaces__rosidl_typesupport_cpp.so[0m
[4.637s] [ 66%] Built target full_name_interfaces__rosidl_typesupport_c
[4.726s] [ 66%] Built target full_name_interfaces__rosidl_typesupport_introspection_c
[4.831s] [ 66%] Built target full_name_interfaces__rosidl_typesupport_cpp
[4.860s] [ 69%] [32m[1mLinking CXX shared library libfull_name_interfaces__rosidl_typesupport_introspection_cpp.so[0m
[4.883s] [ 71%] [32m[1mLinking CXX shared library libfull_name_interfaces__rosidl_typesupport_fastrtps_cpp.so[0m
[5.093s] [ 74%] [32m[1mLinking CXX shared library libfull_name_interfaces__rosidl_typesupport_fastrtps_c.so[0m
[5.125s] [ 74%] Built target full_name_interfaces__rosidl_typesupport_introspection_cpp
[5.174s] [ 74%] Built target full_name_interfaces__rosidl_typesupport_fastrtps_cpp
[5.388s] [ 74%] Built target full_name_interfaces__rosidl_typesupport_fastrtps_c
[5.428s] [ 74%] Built target full_name_interfaces
[5.464s] [ 76%] [34m[1mGenerating Python code for ROS interfaces[0m
[6.026s] [ 76%] Built target full_name_interfaces__py
[6.061s] [ 82%] [32mBuilding C object CMakeFiles/full_name_interfaces__rosidl_generator_py.dir/rosidl_generator_py/full_name_interfaces/msg/_full_name_message_s.c.o[0m
[6.061s] [ 82%] [32mBuilding C object CMakeFiles/full_name_interfaces__rosidl_generator_py.dir/rosidl_generator_py/full_name_interfaces/srv/_full_name_sum_service_s.c.o[0m
[6.383s] [ 84%] [32m[1mLinking C shared library rosidl_generator_py/full_name_interfaces/libfull_name_interfaces__rosidl_generator_py.so[0m
[6.561s] [ 84%] Built target full_name_interfaces__rosidl_generator_py
[6.600s] [ 87%] [32mBuilding C object CMakeFiles/full_name_interfaces__rosidl_typesupport_c__pyext.dir/rosidl_generator_py/full_name_interfaces/_full_name_interfaces_s.ep.rosidl_typesupport_c.c.o[0m
[6.601s] [ 92%] [32mBuilding C object CMakeFiles/full_name_interfaces__rosidl_typesupport_fastrtps_c__pyext.dir/rosidl_generator_py/full_name_interfaces/_full_name_interfaces_s.ep.rosidl_typesupport_fastrtps_c.c.o[0m
[6.601s] [ 92%] [32mBuilding C object CMakeFiles/full_name_interfaces__rosidl_typesupport_introspection_c__pyext.dir/rosidl_generator_py/full_name_interfaces/_full_name_interfaces_s.ep.rosidl_typesupport_introspection_c.c.o[0m
[6.770s] [ 97%] [32m[1mLinking C shared library rosidl_generator_py/full_name_interfaces/full_name_interfaces_s__rosidl_typesupport_introspection_c.cpython-310-x86_64-linux-gnu.so[0m
[6.770s] [ 97%] [32m[1mLinking C shared library rosidl_generator_py/full_name_interfaces/full_name_interfaces_s__rosidl_typesupport_c.cpython-310-x86_64-linux-gnu.so[0m
[6.770s] [100%] [32m[1mLinking C shared library rosidl_generator_py/full_name_interfaces/full_name_interfaces_s__rosidl_typesupport_fastrtps_c.cpython-310-x86_64-linux-gnu.so[0m
[6.914s] [100%] Built target full_name_interfaces__rosidl_typesupport_fastrtps_c__pyext
[6.914s] [100%] Built target full_name_interfaces__rosidl_typesupport_introspection_c__pyext
[6.918s] [100%] Built target full_name_interfaces__rosidl_typesupport_c__pyext
[6.942s] Invoked command in '/home/p1xta/Robotics/Task2/ex09/build/full_name_interfaces' returned '0': CMAKE_PREFIX_PATH=/opt/ros/humble /usr/bin/cmake --build /home/p1xta/Robotics/Task2/ex09/build/full_name_interfaces -- -j16 -l16
[6.963s] Invoking command in '/home/p1xta/Robotics/Task2/ex09/build/full_name_interfaces': CMAKE_PREFIX_PATH=/opt/ros/humble /usr/bin/cmake --install /home/p1xta/Robotics/Task2/ex09/build/full_name_interfaces
[6.975s] -- Install configuration: ""
[6.977s] -- Installing: /home/p1xta/Robotics/Task2/ex09/install/full_name_interfaces/share/ament_index/resource_index/rosidl_interfaces/full_name_interfaces
[6.978s] -- Installing: /home/p1xta/Robotics/Task2/ex09/install/full_name_interfaces/include/full_name_interfaces/full_name_interfaces
[6.979s] -- Installing: /home/p1xta/Robotics/Task2/ex09/install/full_name_interfaces/include/full_name_interfaces/full_name_interfaces/srv
[6.980s] -- Installing: /home/p1xta/Robotics/Task2/ex09/install/full_name_interfaces/include/full_name_interfaces/full_name_interfaces/srv/full_name_sum_service.h
[6.981s] -- Installing: /home/p1xta/Robotics/Task2/ex09/install/full_name_interfaces/include/full_name_interfaces/full_name_interfaces/srv/detail
[6.981s] -- Installing: /home/p1xta/Robotics/Task2/ex09/install/full_name_interfaces/include/full_name_interfaces/full_name_interfaces/srv/detail/full_name_sum_service__functions.h
[6.982s] -- Installing: /home/p1xta/Robotics/Task2/ex09/install/full_name_interfaces/include/full_name_interfaces/full_name_interfaces/srv/detail/full_name_sum_service__type_support.h
[6.982s] -- Installing: /home/p1xta/Robotics/Task2/ex09/install/full_name_interfaces/include/full_name_interfaces/full_name_interfaces/srv/detail/full_name_sum_service__functions.c
[6.982s] -- Installing: /home/p1xta/Robotics/Task2/ex09/install/full_name_interfaces/include/full_name_interfaces/full_name_interfaces/srv/detail/full_name_sum_service__struct.h
[6.983s] -- Installing: /home/p1xta/Robotics/Task2/ex09/install/full_name_interfaces/include/full_name_interfaces/full_name_interfaces/msg
[6.984s] -- Installing: /home/p1xta/Robotics/Task2/ex09/install/full_name_interfaces/include/full_name_interfaces/full_name_interfaces/msg/rosidl_generator_c__visibility_control.h
[6.984s] -- Installing: /home/p1xta/Robotics/Task2/ex09/install/full_name_interfaces/include/full_name_interfaces/full_name_interfaces/msg/detail
[6.985s] -- Installing: /home/p1xta/Robotics/Task2/ex09/install/full_name_interfaces/include/full_name_interfaces/full_name_interfaces/msg/detail/full_name_message__functions.h
[6.985s] -- Installing: /home/p1xta/Robotics/Task2/ex09/install/full_name_interfaces/include/full_name_interfaces/full_name_interfaces/msg/detail/full_name_message__functions.c
[6.986s] -- Installing: /home/p1xta/Robotics/Task2/ex09/install/full_name_interfaces/include/full_name_interfaces/full_name_interfaces/msg/detail/full_name_message__struct.h
[6.986s] -- Installing: /home/p1xta/Robotics/Task2/ex09/install/full_name_interfaces/include/full_name_interfaces/full_name_interfaces/msg/detail/full_name_message__type_support.h
[6.986s] -- Installing: /home/p1xta/Robotics/Task2/ex09/install/full_name_interfaces/include/full_name_interfaces/full_name_interfaces/msg/full_name_message.h
[6.987s] -- Installing: /home/p1xta/Robotics/Task2/ex09/install/full_name_interfaces/share/full_name_interfaces/environment/library_path.sh
[6.988s] -- Installing: /home/p1xta/Robotics/Task2/ex09/install/full_name_interfaces/share/full_name_interfaces/environment/library_path.dsv
[6.989s] -- Installing: /home/p1xta/Robotics/Task2/ex09/install/full_name_interfaces/lib/libfull_name_interfaces__rosidl_generator_c.so
[6.990s] -- Set runtime path of "/home/p1xta/Robotics/Task2/ex09/install/full_name_interfaces/lib/libfull_name_interfaces__rosidl_generator_c.so" to ""
[6.990s] -- Up-to-date: /home/p1xta/Robotics/Task2/ex09/install/full_name_interfaces/include/full_name_interfaces/full_name_interfaces
[6.990s] -- Up-to-date: /home/p1xta/Robotics/Task2/ex09/install/full_name_interfaces/include/full_name_interfaces/full_name_interfaces/srv
[6.990s] -- Up-to-date: /home/p1xta/Robotics/Task2/ex09/install/full_name_interfaces/include/full_name_interfaces/full_name_interfaces/srv/detail
[6.990s] -- Installing: /home/p1xta/Robotics/Task2/ex09/install/full_name_interfaces/include/full_name_interfaces/full_name_interfaces/srv/detail/full_name_sum_service__rosidl_typesupport_fastrtps_c.h
[6.991s] -- Up-to-date: /home/p1xta/Robotics/Task2/ex09/install/full_name_interfaces/include/full_name_interfaces/full_name_interfaces/msg
[6.991s] -- Installing: /home/p1xta/Robotics/Task2/ex09/install/full_name_interfaces/include/full_name_interfaces/full_name_interfaces/msg/rosidl_typesupport_fastrtps_c__visibility_control.h
[6.991s] -- Up-to-date: /home/p1xta/Robotics/Task2/ex09/install/full_name_interfaces/include/full_name_interfaces/full_name_interfaces/msg/detail
[6.991s] -- Installing: /home/p1xta/Robotics/Task2/ex09/install/full_name_interfaces/include/full_name_interfaces/full_name_interfaces/msg/detail/full_name_message__rosidl_typesupport_fastrtps_c.h
[6.991s] -- Installing: /home/p1xta/Robotics/Task2/ex09/install/full_name_interfaces/lib/libfull_name_interfaces__rosidl_typesupport_fastrtps_c.so
[6.992s] -- Set runtime path of "/home/p1xta/Robotics/Task2/ex09/install/full_name_interfaces/lib/libfull_name_interfaces__rosidl_typesupport_fastrtps_c.so" to ""
[6.992s] -- Up-to-date: /home/p1xta/Robotics/Task2/ex09/install/full_name_interfaces/include/full_name_interfaces/full_name_interfaces
[6.993s] -- Up-to-date: /home/p1xta/Robotics/Task2/ex09/install/full_name_interfaces/include/full_name_interfaces/full_name_interfaces/srv
[6.993s] -- Up-to-date: /home/p1xta/Robotics/Task2/ex09/install/full_name_interfaces/include/full_name_interfaces/full_name_interfaces/srv/detail
[6.993s] -- Installing: /home/p1xta/Robotics/Task2/ex09/install/full_name_interfaces/include/full_name_interfaces/full_name_interfaces/srv/detail/full_name_sum_service__type_support.c
[6.993s] -- Installing: /home/p1xta/Robotics/Task2/ex09/install/full_name_interfaces/include/full_name_interfaces/full_name_interfaces/srv/detail/full_name_sum_service__rosidl_typesupport_introspection_c.h
[6.994s] -- Up-to-date: /home/p1xta/Robotics/Task2/ex09/install/full_name_interfaces/include/full_name_interfaces/full_name_interfaces/msg
[6.994s] -- Installing: /home/p1xta/Robotics/Task2/ex09/install/full_name_interfaces/include/full_name_interfaces/full_name_interfaces/msg/rosidl_typesupport_introspection_c__visibility_control.h
[6.994s] -- Up-to-date: /home/p1xta/Robotics/Task2/ex09/install/full_name_interfaces/include/full_name_interfaces/full_name_interfaces/msg/detail
[6.994s] -- Installing: /home/p1xta/Robotics/Task2/ex09/install/full_name_interfaces/include/full_name_interfaces/full_name_interfaces/msg/detail/full_name_message__rosidl_typesupport_introspection_c.h
[6.995s] -- Installing: /home/p1xta/Robotics/Task2/ex09/install/full_name_interfaces/include/full_name_interfaces/full_name_interfaces/msg/detail/full_name_message__type_support.c
[6.995s] -- Installing: /home/p1xta/Robotics/Task2/ex09/install/full_name_interfaces/lib/libfull_name_interfaces__rosidl_typesupport_introspection_c.so
[6.996s] -- Set runtime path of "/home/p1xta/Robotics/Task2/ex09/install/full_name_interfaces/lib/libfull_name_interfaces__rosidl_typesupport_introspection_c.so" to ""
[6.996s] -- Installing: /home/p1xta/Robotics/Task2/ex09/install/full_name_interfaces/lib/libfull_name_interfaces__rosidl_typesupport_c.so
[6.997s] -- Set runtime path of "/home/p1xta/Robotics/Task2/ex09/install/full_name_interfaces/lib/libfull_name_interfaces__rosidl_typesupport_c.so" to ""
[6.997s] -- Up-to-date: /home/p1xta/Robotics/Task2/ex09/install/full_name_interfaces/include/full_name_interfaces/full_name_interfaces
[6.998s] -- Up-to-date: /home/p1xta/Robotics/Task2/ex09/install/full_name_interfaces/include/full_name_interfaces/full_name_interfaces/srv
[6.998s] -- Up-to-date: /home/p1xta/Robotics/Task2/ex09/install/full_name_interfaces/include/full_name_interfaces/full_name_interfaces/srv/detail
[6.998s] -- Installing: /home/p1xta/Robotics/Task2/ex09/install/full_name_interfaces/include/full_name_interfaces/full_name_interfaces/srv/detail/full_name_sum_service__struct.hpp
[6.998s] -- Installing: /home/p1xta/Robotics/Task2/ex09/install/full_name_interfaces/include/full_name_interfaces/full_name_interfaces/srv/detail/full_name_sum_service__type_support.hpp
[6.998s] -- Installing: /home/p1xta/Robotics/Task2/ex09/install/full_name_interfaces/include/full_name_interfaces/full_name_interfaces/srv/detail/full_name_sum_service__traits.hpp
[6.998s] -- Installing: /home/p1xta/Robotics/Task2/ex09/install/full_name_interfaces/include/full_name_interfaces/full_name_interfaces/srv/detail/full_name_sum_service__builder.hpp
[6.999s] -- Installing: /home/p1xta/Robotics/Task2/ex09/install/full_name_interfaces/include/full_name_interfaces/full_name_interfaces/srv/full_name_sum_service.hpp
[6.999s] -- Up-to-date: /home/p1xta/Robotics/Task2/ex09/install/full_name_interfaces/include/full_name_interfaces/full_name_interfaces/msg
[6.999s] -- Installing: /home/p1xta/Robotics/Task2/ex09/install/full_name_interfaces/include/full_name_interfaces/full_name_interfaces/msg/rosidl_generator_cpp__visibility_control.hpp
[6.999s] -- Up-to-date: /home/p1xta/Robotics/Task2/ex09/install/full_name_interfaces/include/full_name_interfaces/full_name_interfaces/msg/detail
[7.000s] -- Installing: /home/p1xta/Robotics/Task2/ex09/install/full_name_interfaces/include/full_name_interfaces/full_name_interfaces/msg/detail/full_name_message__type_support.hpp
[7.000s] -- Installing: /home/p1xta/Robotics/Task2/ex09/install/full_name_interfaces/include/full_name_interfaces/full_name_interfaces/msg/detail/full_name_message__builder.hpp
[7.000s] -- Installing: /home/p1xta/Robotics/Task2/ex09/install/full_name_interfaces/include/full_name_interfaces/full_name_interfaces/msg/detail/full_name_message__traits.hpp
[7.001s] -- Installing: /home/p1xta/Robotics/Task2/ex09/install/full_name_interfaces/include/full_name_interfaces/full_name_interfaces/msg/detail/full_name_message__struct.hpp
[7.001s] -- Installing: /home/p1xta/Robotics/Task2/ex09/install/full_name_interfaces/include/full_name_interfaces/full_name_interfaces/msg/full_name_message.hpp
[7.001s] -- Up-to-date: /home/p1xta/Robotics/Task2/ex09/install/full_name_interfaces/include/full_name_interfaces/full_name_interfaces
[7.002s] -- Up-to-date: /home/p1xta/Robotics/Task2/ex09/install/full_name_interfaces/include/full_name_interfaces/full_name_interfaces/srv
[7.002s] -- Up-to-date: /home/p1xta/Robotics/Task2/ex09/install/full_name_interfaces/include/full_name_interfaces/full_name_interfaces/srv/detail
[7.002s] -- Installing: /home/p1xta/Robotics/Task2/ex09/install/full_name_interfaces/include/full_name_interfaces/full_name_interfaces/srv/detail/full_name_sum_service__rosidl_typesupport_fastrtps_cpp.hpp
[7.002s] -- Installing: /home/p1xta/Robotics/Task2/ex09/install/full_name_interfaces/include/full_name_interfaces/full_name_interfaces/srv/detail/dds_fastrtps
[7.003s] -- Up-to-date: /home/p1xta/Robotics/Task2/ex09/install/full_name_interfaces/include/full_name_interfaces/full_name_interfaces/msg
[7.003s] -- Installing: /home/p1xta/Robotics/Task2/ex09/install/full_name_interfaces/include/full_name_interfaces/full_name_interfaces/msg/rosidl_typesupport_fastrtps_cpp__visibility_control.h
[7.003s] -- Up-to-date: /home/p1xta/Robotics/Task2/ex09/install/full_name_interfaces/include/full_name_interfaces/full_name_interfaces/msg/detail
[7.003s] -- Installing: /home/p1xta/Robotics/Task2/ex09/install/full_name_interfaces/include/full_name_interfaces/full_name_interfaces/msg/detail/dds_fastrtps
[7.004s] -- Installing: /home/p1xta/Robotics/Task2/ex09/install/full_name_interfaces/include/full_name_interfaces/full_name_interfaces/msg/detail/full_name_message__rosidl_typesupport_fastrtps_cpp.hpp
[7.005s] -- Installing: /home/p1xta/Robotics/Task2/ex09/install/full_name_interfaces/lib/libfull_name_interfaces__rosidl_typesupport_fastrtps_cpp.so
[7.006s] -- Set runtime path of "/home/p1xta/Robotics/Task2/ex09/install/full_name_interfaces/lib/libfull_name_interfaces__rosidl_typesupport_fastrtps_cpp.so" to ""
[7.006s] -- Up-to-date: /home/p1xta/Robotics/Task2/ex09/install/full_name_interfaces/include/full_name_interfaces/full_name_interfaces
[7.006s] -- Up-to-date: /home/p1xta/Robotics/Task2/ex09/install/full_name_interfaces/include/full_name_interfaces/full_name_interfaces/srv
[7.006s] -- Up-to-date: /home/p1xta/Robotics/Task2/ex09/install/full_name_interfaces/include/full_name_interfaces/full_name_interfaces/srv/detail
[7.006s] -- Installing: /home/p1xta/Robotics/Task2/ex09/install/full_name_interfaces/include/full_name_interfaces/full_name_interfaces/srv/detail/full_name_sum_service__type_support.cpp
[7.006s] -- Installing: /home/p1xta/Robotics/Task2/ex09/install/full_name_interfaces/include/full_name_interfaces/full_name_interfaces/srv/detail/full_name_sum_service__rosidl_typesupport_introspection_cpp.hpp
[7.007s] -- Up-to-date: /home/p1xta/Robotics/Task2/ex09/install/full_name_interfaces/include/full_name_interfaces/full_name_interfaces/msg
[7.007s] -- Up-to-date: /home/p1xta/Robotics/Task2/ex09/install/full_name_interfaces/include/full_name_interfaces/full_name_interfaces/msg/detail
[7.007s] -- Installing: /home/p1xta/Robotics/Task2/ex09/install/full_name_interfaces/include/full_name_interfaces/full_name_interfaces/msg/detail/full_name_message__rosidl_typesupport_introspection_cpp.hpp
[7.007s] -- Installing: /home/p1xta/Robotics/Task2/ex09/install/full_name_interfaces/include/full_name_interfaces/full_name_interfaces/msg/detail/full_name_message__type_support.cpp
[7.007s] -- Installing: /home/p1xta/Robotics/Task2/ex09/install/full_name_interfaces/lib/libfull_name_interfaces__rosidl_typesupport_introspection_cpp.so
[7.008s] -- Set runtime path of "/home/p1xta/Robotics/Task2/ex09/install/full_name_interfaces/lib/libfull_name_interfaces__rosidl_typesupport_introspection_cpp.so" to ""
[7.008s] -- Installing: /home/p1xta/Robotics/Task2/ex09/install/full_name_interfaces/lib/libfull_name_interfaces__rosidl_typesupport_cpp.so
[7.009s] -- Set runtime path of "/home/p1xta/Robotics/Task2/ex09/install/full_name_interfaces/lib/libfull_name_interfaces__rosidl_typesupport_cpp.so" to ""
[7.009s] -- Installing: /home/p1xta/Robotics/Task2/ex09/install/full_name_interfaces/share/full_name_interfaces/environment/pythonpath.sh
[7.010s] -- Installing: /home/p1xta/Robotics/Task2/ex09/install/full_name_interfaces/share/full_name_interfaces/environment/pythonpath.dsv
[7.010s] -- Installing: /home/p1xta/Robotics/Task2/ex09/install/full_name_interfaces/local/lib/python3.10/dist-packages/full_name_interfaces-0.0.0-py3.10.egg-info
[7.013s] -- Installing: /home/p1xta/Robotics/Task2/ex09/install/full_name_interfaces/local/lib/python3.10/dist-packages/full_name_interfaces-0.0.0-py3.10.egg-info/PKG-INFO
[7.014s] -- Installing: /home/p1xta/Robotics/Task2/ex09/install/full_name_interfaces/local/lib/python3.10/dist-packages/full_name_interfaces-0.0.0-py3.10.egg-info/top_level.txt
[7.014s] -- Installing: /home/p1xta/Robotics/Task2/ex09/install/full_name_interfaces/local/lib/python3.10/dist-packages/full_name_interfaces-0.0.0-py3.10.egg-info/SOURCES.txt
[7.014s] -- Installing: /home/p1xta/Robotics/Task2/ex09/install/full_name_interfaces/local/lib/python3.10/dist-packages/full_name_interfaces-0.0.0-py3.10.egg-info/dependency_links.txt
[7.015s] -- Installing: /home/p1xta/Robotics/Task2/ex09/install/full_name_interfaces/local/lib/python3.10/dist-packages/full_name_interfaces
[7.015s] -- Installing: /home/p1xta/Robotics/Task2/ex09/install/full_name_interfaces/local/lib/python3.10/dist-packages/full_name_interfaces/libfull_name_interfaces__rosidl_generator_py.so
[7.016s] -- Installing: /home/p1xta/Robotics/Task2/ex09/install/full_name_interfaces/local/lib/python3.10/dist-packages/full_name_interfaces/full_name_interfaces_s__rosidl_typesupport_fastrtps_c.cpython-310-x86_64-linux-gnu.so
[7.016s] -- Installing: /home/p1xta/Robotics/Task2/ex09/install/full_name_interfaces/local/lib/python3.10/dist-packages/full_name_interfaces/srv
[7.017s] -- Installing: /home/p1xta/Robotics/Task2/ex09/install/full_name_interfaces/local/lib/python3.10/dist-packages/full_name_interfaces/srv/__init__.py
[7.017s] -- Installing: /home/p1xta/Robotics/Task2/ex09/install/full_name_interfaces/local/lib/python3.10/dist-packages/full_name_interfaces/srv/_full_name_sum_service.py
[7.018s] -- Installing: /home/p1xta/Robotics/Task2/ex09/install/full_name_interfaces/local/lib/python3.10/dist-packages/full_name_interfaces/srv/_full_name_sum_service_s.c
[7.018s] -- Installing: /home/p1xta/Robotics/Task2/ex09/install/full_name_interfaces/local/lib/python3.10/dist-packages/full_name_interfaces/__init__.py
[7.018s] -- Installing: /home/p1xta/Robotics/Task2/ex09/install/full_name_interfaces/local/lib/python3.10/dist-packages/full_name_interfaces/_full_name_interfaces_s.ep.rosidl_typesupport_fastrtps_c.c
[7.019s] -- Installing: /home/p1xta/Robotics/Task2/ex09/install/full_name_interfaces/local/lib/python3.10/dist-packages/full_name_interfaces/_full_name_interfaces_s.ep.rosidl_typesupport_introspection_c.c
[7.019s] -- Installing: /home/p1xta/Robotics/Task2/ex09/install/full_name_interfaces/local/lib/python3.10/dist-packages/full_name_interfaces/msg
[7.020s] -- Installing: /home/p1xta/Robotics/Task2/ex09/install/full_name_interfaces/local/lib/python3.10/dist-packages/full_name_interfaces/msg/__init__.py
[7.020s] -- Installing: /home/p1xta/Robotics/Task2/ex09/install/full_name_interfaces/local/lib/python3.10/dist-packages/full_name_interfaces/msg/_full_name_message_s.c
[7.020s] -- Installing: /home/p1xta/Robotics/Task2/ex09/install/full_name_interfaces/local/lib/python3.10/dist-packages/full_name_interfaces/msg/_full_name_message.py
[7.021s] -- Installing: /home/p1xta/Robotics/Task2/ex09/install/full_name_interfaces/local/lib/python3.10/dist-packages/full_name_interfaces/full_name_interfaces_s__rosidl_typesupport_c.cpython-310-x86_64-linux-gnu.so
[7.021s] -- Installing: /home/p1xta/Robotics/Task2/ex09/install/full_name_interfaces/local/lib/python3.10/dist-packages/full_name_interfaces/full_name_interfaces_s__rosidl_typesupport_introspection_c.cpython-310-x86_64-linux-gnu.so
[7.021s] -- Installing: /home/p1xta/Robotics/Task2/ex09/install/full_name_interfaces/local/lib/python3.10/dist-packages/full_name_interfaces/_full_name_interfaces_s.ep.rosidl_typesupport_c.c
[7.085s] Listing '/home/p1xta/Robotics/Task2/ex09/install/full_name_interfaces/local/lib/python3.10/dist-packages/full_name_interfaces'...
[7.085s] Compiling '/home/p1xta/Robotics/Task2/ex09/install/full_name_interfaces/local/lib/python3.10/dist-packages/full_name_interfaces/__init__.py'...
[7.085s] Listing '/home/p1xta/Robotics/Task2/ex09/install/full_name_interfaces/local/lib/python3.10/dist-packages/full_name_interfaces/msg'...
[7.085s] Compiling '/home/p1xta/Robotics/Task2/ex09/install/full_name_interfaces/local/lib/python3.10/dist-packages/full_name_interfaces/msg/__init__.py'...
[7.085s] Compiling '/home/p1xta/Robotics/Task2/ex09/install/full_name_interfaces/local/lib/python3.10/dist-packages/full_name_interfaces/msg/_full_name_message.py'...
[7.086s] Listing '/home/p1xta/Robotics/Task2/ex09/install/full_name_interfaces/local/lib/python3.10/dist-packages/full_name_interfaces/srv'...
[7.086s] Compiling '/home/p1xta/Robotics/Task2/ex09/install/full_name_interfaces/local/lib/python3.10/dist-packages/full_name_interfaces/srv/__init__.py'...
[7.086s] Compiling '/home/p1xta/Robotics/Task2/ex09/install/full_name_interfaces/local/lib/python3.10/dist-packages/full_name_interfaces/srv/_full_name_sum_service.py'...
[7.092s] -- Installing: /home/p1xta/Robotics/Task2/ex09/install/full_name_interfaces/local/lib/python3.10/dist-packages/full_name_interfaces/full_name_interfaces_s__rosidl_typesupport_fastrtps_c.cpython-310-x86_64-linux-gnu.so
[7.093s] -- Set runtime path of "/home/p1xta/Robotics/Task2/ex09/install/full_name_interfaces/local/lib/python3.10/dist-packages/full_name_interfaces/full_name_interfaces_s__rosidl_typesupport_fastrtps_c.cpython-310-x86_64-linux-gnu.so" to ""
[7.094s] -- Installing: /home/p1xta/Robotics/Task2/ex09/install/full_name_interfaces/local/lib/python3.10/dist-packages/full_name_interfaces/full_name_interfaces_s__rosidl_typesupport_introspection_c.cpython-310-x86_64-linux-gnu.so
[7.094s] -- Set runtime path of "/home/p1xta/Robotics/Task2/ex09/install/full_name_interfaces/local/lib/python3.10/dist-packages/full_name_interfaces/full_name_interfaces_s__rosidl_typesupport_introspection_c.cpython-310-x86_64-linux-gnu.so" to ""
[7.095s] -- Installing: /home/p1xta/Robotics/Task2/ex09/install/full_name_interfaces/local/lib/python3.10/dist-packages/full_name_interfaces/full_name_interfaces_s__rosidl_typesupport_c.cpython-310-x86_64-linux-gnu.so
[7.095s] -- Set runtime path of "/home/p1xta/Robotics/Task2/ex09/install/full_name_interfaces/local/lib/python3.10/dist-packages/full_name_interfaces/full_name_interfaces_s__rosidl_typesupport_c.cpython-310-x86_64-linux-gnu.so" to ""
[7.096s] -- Installing: /home/p1xta/Robotics/Task2/ex09/install/full_name_interfaces/lib/libfull_name_interfaces__rosidl_generator_py.so
[7.096s] -- Set runtime path of "/home/p1xta/Robotics/Task2/ex09/install/full_name_interfaces/lib/libfull_name_interfaces__rosidl_generator_py.so" to ""
[7.097s] -- Installing: /home/p1xta/Robotics/Task2/ex09/install/full_name_interfaces/share/full_name_interfaces/msg/FullNameMessage.idl
[7.098s] -- Installing: /home/p1xta/Robotics/Task2/ex09/install/full_name_interfaces/share/full_name_interfaces/srv/FullNameSumService.idl
[7.098s] -- Installing: /home/p1xta/Robotics/Task2/ex09/install/full_name_interfaces/share/full_name_interfaces/msg/FullNameMessage.msg
[7.099s] -- Installing: /home/p1xta/Robotics/Task2/ex09/install/full_name_interfaces/share/full_name_interfaces/srv/FullNameSumService.srv
[7.099s] -- Installing: /home/p1xta/Robotics/Task2/ex09/install/full_name_interfaces/share/full_name_interfaces/srv/FullNameSumService_Request.msg
[7.099s] -- Installing: /home/p1xta/Robotics/Task2/ex09/install/full_name_interfaces/share/full_name_interfaces/srv/FullNameSumService_Response.msg
[7.100s] -- Installing: /home/p1xta/Robotics/Task2/ex09/install/full_name_interfaces/share/ament_index/resource_index/package_run_dependencies/full_name_interfaces
[7.101s] -- Installing: /home/p1xta/Robotics/Task2/ex09/install/full_name_interfaces/share/ament_index/resource_index/parent_prefix_path/full_name_interfaces
[7.102s] -- Installing: /home/p1xta/Robotics/Task2/ex09/install/full_name_interfaces/share/full_name_interfaces/environment/ament_prefix_path.sh
[7.102s] -- Installing: /home/p1xta/Robotics/Task2/ex09/install/full_name_interfaces/share/full_name_interfaces/environment/ament_prefix_path.dsv
[7.103s] -- Installing: /home/p1xta/Robotics/Task2/ex09/install/full_name_interfaces/share/full_name_interfaces/environment/path.sh
[7.103s] -- Installing: /home/p1xta/Robotics/Task2/ex09/install/full_name_interfaces/share/full_name_interfaces/environment/path.dsv
[7.103s] -- Installing: /home/p1xta/Robotics/Task2/ex09/install/full_name_interfaces/share/full_name_interfaces/local_setup.bash
[7.104s] -- Installing: /home/p1xta/Robotics/Task2/ex09/install/full_name_interfaces/share/full_name_interfaces/local_setup.sh
[7.104s] -- Installing: /home/p1xta/Robotics/Task2/ex09/install/full_name_interfaces/share/full_name_interfaces/local_setup.zsh
[7.104s] -- Installing: /home/p1xta/Robotics/Task2/ex09/install/full_name_interfaces/share/full_name_interfaces/local_setup.dsv
[7.105s] -- Installing: /home/p1xta/Robotics/Task2/ex09/install/full_name_interfaces/share/full_name_interfaces/package.dsv
[7.106s] -- Installing: /home/p1xta/Robotics/Task2/ex09/install/full_name_interfaces/share/ament_index/resource_index/packages/full_name_interfaces
[7.107s] -- Installing: /home/p1xta/Robotics/Task2/ex09/install/full_name_interfaces/share/full_name_interfaces/cmake/export_full_name_interfaces__rosidl_generator_cExport.cmake
[7.107s] -- Installing: /home/p1xta/Robotics/Task2/ex09/install/full_name_interfaces/share/full_name_interfaces/cmake/export_full_name_interfaces__rosidl_generator_cExport-noconfig.cmake
[7.107s] -- Installing: /home/p1xta/Robotics/Task2/ex09/install/full_name_interfaces/share/full_name_interfaces/cmake/export_full_name_interfaces__rosidl_typesupport_fastrtps_cExport.cmake
[7.108s] -- Installing: /home/p1xta/Robotics/Task2/ex09/install/full_name_interfaces/share/full_name_interfaces/cmake/export_full_name_interfaces__rosidl_typesupport_fastrtps_cExport-noconfig.cmake
[7.108s] -- Installing: /home/p1xta/Robotics/Task2/ex09/install/full_name_interfaces/share/full_name_interfaces/cmake/full_name_interfaces__rosidl_typesupport_introspection_cExport.cmake
[7.109s] -- Installing: /home/p1xta/Robotics/Task2/ex09/install/full_name_interfaces/share/full_name_interfaces/cmake/full_name_interfaces__rosidl_typesupport_introspection_cExport-noconfig.cmake
[7.109s] -- Installing: /home/p1xta/Robotics/Task2/ex09/install/full_name_interfaces/share/full_name_interfaces/cmake/full_name_interfaces__rosidl_typesupport_cExport.cmake
[7.109s] -- Installing: /home/p1xta/Robotics/Task2/ex09/install/full_name_interfaces/share/full_name_interfaces/cmake/full_name_interfaces__rosidl_typesupport_cExport-noconfig.cmake
[7.110s] -- Installing: /home/p1xta/Robotics/Task2/ex09/install/full_name_interfaces/share/full_name_interfaces/cmake/export_full_name_interfaces__rosidl_generator_cppExport.cmake
[7.110s] -- Installing: /home/p1xta/Robotics/Task2/ex09/install/full_name_interfaces/share/full_name_interfaces/cmake/export_full_name_interfaces__rosidl_typesupport_fastrtps_cppExport.cmake
[7.111s] -- Installing: /home/p1xta/Robotics/Task2/ex09/install/full_name_interfaces/share/full_name_interfaces/cmake/export_full_name_interfaces__rosidl_typesupport_fastrtps_cppExport-noconfig.cmake
[7.111s] -- Installing: /home/p1xta/Robotics/Task2/ex09/install/full_name_interfaces/share/full_name_interfaces/cmake/full_name_interfaces__rosidl_typesupport_introspection_cppExport.cmake
[7.111s] -- Installing: /home/p1xta/Robotics/Task2/ex09/install/full_name_interfaces/share/full_name_interfaces/cmake/full_name_interfaces__rosidl_typesupport_introspection_cppExport-noconfig.cmake
[7.112s] -- Installing: /home/p1xta/Robotics/Task2/ex09/install/full_name_interfaces/share/full_name_interfaces/cmake/full_name_interfaces__rosidl_typesupport_cppExport.cmake
[7.112s] -- Installing: /home/p1xta/Robotics/Task2/ex09/install/full_name_interfaces/share/full_name_interfaces/cmake/full_name_interfaces__rosidl_typesupport_cppExport-noconfig.cmake
[7.113s] -- Installing: /home/p1xta/Robotics/Task2/ex09/install/full_name_interfaces/share/full_name_interfaces/cmake/export_full_name_interfaces__rosidl_generator_pyExport.cmake
[7.113s] -- Installing: /home/p1xta/Robotics/Task2/ex09/install/full_name_interfaces/share/full_name_interfaces/cmake/export_full_name_interfaces__rosidl_generator_pyExport-noconfig.cmake
[7.113s] -- Installing: /home/p1xta/Robotics/Task2/ex09/install/full_name_interfaces/share/full_name_interfaces/cmake/rosidl_cmake-extras.cmake
[7.114s] -- Installing: /home/p1xta/Robotics/Task2/ex09/install/full_name_interfaces/share/full_name_interfaces/cmake/ament_cmake_export_include_directories-extras.cmake
[7.114s] -- Installing: /home/p1xta/Robotics/Task2/ex09/install/full_name_interfaces/share/full_name_interfaces/cmake/ament_cmake_export_libraries-extras.cmake
[7.114s] -- Installing: /home/p1xta/Robotics/Task2/ex09/install/full_name_interfaces/share/full_name_interfaces/cmake/ament_cmake_export_targets-extras.cmake
[7.115s] -- Installing: /home/p1xta/Robotics/Task2/ex09/install/full_name_interfaces/share/full_name_interfaces/cmake/rosidl_cmake_export_typesupport_targets-extras.cmake
[7.115s] -- Installing: /home/p1xta/Robotics/Task2/ex09/install/full_name_interfaces/share/full_name_interfaces/cmake/ament_cmake_export_dependencies-extras.cmake
[7.115s] -- Installing: /home/p1xta/Robotics/Task2/ex09/install/full_name_interfaces/share/full_name_interfaces/cmake/rosidl_cmake_export_typesupport_libraries-extras.cmake
[7.116s] -- Installing: /home/p1xta/Robotics/Task2/ex09/install/full_name_interfaces/share/full_name_interfaces/cmake/full_name_interfacesConfig.cmake
[7.116s] -- Installing: /home/p1xta/Robotics/Task2/ex09/install/full_name_interfaces/share/full_name_interfaces/cmake/full_name_interfacesConfig-version.cmake
[7.116s] -- Installing: /home/p1xta/Robotics/Task2/ex09/install/full_name_interfaces/share/full_name_interfaces/package.xml
[7.122s] Invoked command in '/home/p1xta/Robotics/Task2/ex09/build/full_name_interfaces' returned '0': CMAKE_PREFIX_PATH=/opt/ros/humble /usr/bin/cmake --install /home/p1xta/Robotics/Task2/ex09/build/full_name_interfaces
