[0.329s] [34mcolcon[0m [1;30mDEBUG[0m [32mCommand line arguments: ['/usr/bin/colcon', 'build', '--packages-select', 'full_name_interfaces'][0m
[0.329s] [34mcolcon[0m [1;30mDEBUG[0m [32mParsed command line arguments: Namespace(log_base=None, log_level=None, verb_name='build', build_base='build', install_base='install', merge_install=False, symlink_install=False, test_result_base=None, continue_on_error=False, executor='parallel', parallel_workers=16, event_handlers=None, ignore_user_meta=False, metas=['./colcon.meta'], base_paths=['.'], packages_ignore=None, packages_ignore_regex=None, paths=None, packages_up_to=None, packages_up_to_regex=None, packages_above=None, packages_above_and_dependencies=None, packages_above_depth=None, packages_select_by_dep=None, packages_skip_by_dep=None, packages_skip_up_to=None, packages_select_build_failed=False, packages_skip_build_finished=False, packages_select_test_failures=False, packages_skip_test_passed=False, packages_select=['full_name_interfaces'], packages_skip=None, packages_select_regex=None, packages_skip_regex=None, packages_start=None, packages_end=None, allow_overriding=[], cmake_args=None, cmake_target=None, cmake_target_skip_unavailable=False, cmake_clean_cache=False, cmake_clean_first=False, cmake_force_configure=False, ament_cmake_args=None, catkin_cmake_args=None, catkin_skip_building_tests=False, mixin_files=None, mixin=None, verb_parser=<colcon_mixin.mixin.mixin_argument.MixinArgumentDecorator object at 0x7dcb79734a60>, verb_extension=<colcon_core.verb.build.BuildVerb object at 0x7dcb79734580>, main=<bound method BuildVerb.main of <colcon_core.verb.build.BuildVerb object at 0x7dcb79734580>>, mixin_verb=('build',))[0m
[0.575s] [34mcolcon.colcon_core.package_discovery[0m [1;30mLevel 1[0m discover_packages(colcon_meta) check parameters
[0.576s] [34mcolcon.colcon_core.package_discovery[0m [1;30mLevel 1[0m discover_packages(recursive) check parameters
[0.576s] [34mcolcon.colcon_core.package_discovery[0m [1;30mLevel 1[0m discover_packages(ignore) check parameters
[0.576s] [34mcolcon.colcon_core.package_discovery[0m [1;30mLevel 1[0m discover_packages(path) check parameters
[0.576s] [34mcolcon.colcon_core.package_discovery[0m [1;30mLevel 1[0m discover_packages(colcon_meta) discover
[0.576s] [34mcolcon.colcon_core.package_discovery[0m [1;30mLevel 1[0m discover_packages(recursive) discover
[0.576s] [34mcolcon.colcon_core.package_discovery[0m [1;30mINFO[0m Crawling recursively for packages in '/home/p1xta/Robotics/Task2/ex09'
[0.576s] [34mcolcon.colcon_core.package_identification[0m [1;30mLevel 1[0m _identify(.) by extensions ['ignore', 'ignore_ament_install']
[0.576s] [34mcolcon.colcon_core.package_identification[0m [1;30mLevel 1[0m _identify(.) by extension 'ignore'
[0.576s] [34mcolcon.colcon_core.package_identification[0m [1;30mLevel 1[0m _identify(.) by extension 'ignore_ament_install'
[0.576s] [34mcolcon.colcon_core.package_identification[0m [1;30mLevel 1[0m _identify(.) by extensions ['colcon_pkg']
[0.576s] [34mcolcon.colcon_core.package_identification[0m [1;30mLevel 1[0m _identify(.) by extension 'colcon_pkg'
[0.577s] [34mcolcon.colcon_core.package_identification[0m [1;30mLevel 1[0m _identify(.) by extensions ['colcon_meta']
[0.577s] [34mcolcon.colcon_core.package_identification[0m [1;30mLevel 1[0m _identify(.) by extension 'colcon_meta'
[0.577s] [34mcolcon.colcon_core.package_identification[0m [1;30mLevel 1[0m _identify(.) by extensions ['ros']
[0.577s] [34mcolcon.colcon_core.package_identification[0m [1;30mLevel 1[0m _identify(.) by extension 'ros'
[0.607s] [34mcolcon.colcon_core.package_identification[0m [1;30mLevel 1[0m _identify(.) by extensions ['cmake', 'python']
[0.607s] [34mcolcon.colcon_core.package_identification[0m [1;30mLevel 1[0m _identify(.) by extension 'cmake'
[0.607s] [34mcolcon.colcon_core.package_identification[0m [1;30mLevel 1[0m _identify(.) by extension 'python'
[0.607s] [34mcolcon.colcon_core.package_identification[0m [1;30mLevel 1[0m _identify(.) by extensions ['python_setup_py']
[0.607s] [34mcolcon.colcon_core.package_identification[0m [1;30mLevel 1[0m _identify(.) by extension 'python_setup_py'
[0.607s] [34mcolcon.colcon_core.package_identification[0m [1;30mLevel 1[0m _identify(build) by extensions ['ignore', 'ignore_ament_install']
[0.607s] [34mcolcon.colcon_core.package_identification[0m [1;30mLevel 1[0m _identify(build) by extension 'ignore'
[0.607s] [34mcolcon.colcon_core.package_identification[0m [1;30mLevel 1[0m _identify(build) ignored
[0.607s] [34mcolcon.colcon_core.package_identification[0m [1;30mLevel 1[0m _identify(full_name_interfaces) by extensions ['ignore', 'ignore_ament_install']
[0.608s] [34mcolcon.colcon_core.package_identification[0m [1;30mLevel 1[0m _identify(full_name_interfaces) by extension 'ignore'
[0.608s] [34mcolcon.colcon_core.package_identification[0m [1;30mLevel 1[0m _identify(full_name_interfaces) by extension 'ignore_ament_install'
[0.608s] [34mcolcon.colcon_core.package_identification[0m [1;30mLevel 1[0m _identify(full_name_interfaces) by extensions ['colcon_pkg']
[0.608s] [34mcolcon.colcon_core.package_identification[0m [1;30mLevel 1[0m _identify(full_name_interfaces) by extension 'colcon_pkg'
[0.608s] [34mcolcon.colcon_core.package_identification[0m [1;30mLevel 1[0m _identify(full_name_interfaces) by extensions ['colcon_meta']
[0.608s] [34mcolcon.colcon_core.package_identification[0m [1;30mLevel 1[0m _identify(full_name_interfaces) by extension 'colcon_meta'
[0.608s] [34mcolcon.colcon_core.package_identification[0m [1;30mLevel 1[0m _identify(full_name_interfaces) by extensions ['ros']
[0.608s] [34mcolcon.colcon_core.package_identification[0m [1;30mLevel 1[0m _identify(full_name_interfaces) by extension 'ros'
[0.611s] [34mcolcon.colcon_core.package_identification[0m [1;30mDEBUG[0m [32mPackage 'full_name_interfaces' with type 'ros.ament_cmake' and name 'full_name_interfaces'[0m
[0.611s] [34mcolcon.colcon_core.package_identification[0m [1;30mLevel 1[0m _identify(install) by extensions ['ignore', 'ignore_ament_install']
[0.611s] [34mcolcon.colcon_core.package_identification[0m [1;30mLevel 1[0m _identify(install) by extension 'ignore'
[0.612s] [34mcolcon.colcon_core.package_identification[0m [1;30mLevel 1[0m _identify(install) ignored
[0.612s] [34mcolcon.colcon_core.package_identification[0m [1;30mLevel 1[0m _identify(log) by extensions ['ignore', 'ignore_ament_install']
[0.612s] [34mcolcon.colcon_core.package_identification[0m [1;30mLevel 1[0m _identify(log) by extension 'ignore'
[0.612s] [34mcolcon.colcon_core.package_identification[0m [1;30mLevel 1[0m _identify(log) ignored
[0.612s] [34mcolcon.colcon_core.package_identification[0m [1;30mLevel 1[0m _identify(src) by extensions ['ignore', 'ignore_ament_install']
[0.612s] [34mcolcon.colcon_core.package_identification[0m [1;30mLevel 1[0m _identify(src) by extension 'ignore'
[0.612s] [34mcolcon.colcon_core.package_identification[0m [1;30mLevel 1[0m _identify(src) by extension 'ignore_ament_install'
[0.612s] [34mcolcon.colcon_core.package_identification[0m [1;30mLevel 1[0m _identify(src) by extensions ['colcon_pkg']
[0.612s] [34mcolcon.colcon_core.package_identification[0m [1;30mLevel 1[0m _identify(src) by extension 'colcon_pkg'
[0.612s] [34mcolcon.colcon_core.package_identification[0m [1;30mLevel 1[0m _identify(src) by extensions ['colcon_meta']
[0.612s] [34mcolcon.colcon_core.package_identification[0m [1;30mLevel 1[0m _identify(src) by extension 'colcon_meta'
[0.612s] [34mcolcon.colcon_core.package_identification[0m [1;30mLevel 1[0m _identify(src) by extensions ['ros']
[0.612s] [34mcolcon.colcon_core.package_identification[0m [1;30mLevel 1[0m _identify(src) by extension 'ros'
[0.613s] [34mcolcon.colcon_core.package_identification[0m [1;30mLevel 1[0m _identify(src) by extensions ['cmake', 'python']
[0.613s] [34mcolcon.colcon_core.package_identification[0m [1;30mLevel 1[0m _identify(src) by extension 'cmake'
[0.613s] [34mcolcon.colcon_core.package_identification[0m [1;30mLevel 1[0m _identify(src) by extension 'python'
[0.613s] [34mcolcon.colcon_core.package_identification[0m [1;30mLevel 1[0m _identify(src) by extensions ['python_setup_py']
[0.613s] [34mcolcon.colcon_core.package_identification[0m [1;30mLevel 1[0m _identify(src) by extension 'python_setup_py'
[0.613s] [34mcolcon.colcon_core.package_identification[0m [1;30mLevel 1[0m _identify(src/full_name_interfaces) by extensions ['ignore', 'ignore_ament_install']
[0.613s] [34mcolcon.colcon_core.package_identification[0m [1;30mLevel 1[0m _identify(src/full_name_interfaces) by extension 'ignore'
[0.613s] [34mcolcon.colcon_core.package_identification[0m [1;30mLevel 1[0m _identify(src/full_name_interfaces) by extension 'ignore_ament_install'
[0.613s] [34mcolcon.colcon_core.package_identification[0m [1;30mLevel 1[0m _identify(src/full_name_interfaces) by extensions ['colcon_pkg']
[0.613s] [34mcolcon.colcon_core.package_identification[0m [1;30mLevel 1[0m _identify(src/full_name_interfaces) by extension 'colcon_pkg'
[0.613s] [34mcolcon.colcon_core.package_identification[0m [1;30mLevel 1[0m _identify(src/full_name_interfaces) by extensions ['colcon_meta']
[0.613s] [34mcolcon.colcon_core.package_identification[0m [1;30mLevel 1[0m _identify(src/full_name_interfaces) by extension 'colcon_meta'
[0.613s] [34mcolcon.colcon_core.package_identification[0m [1;30mLevel 1[0m _identify(src/full_name_interfaces) by extensions ['ros']
[0.613s] [34mcolcon.colcon_core.package_identification[0m [1;30mLevel 1[0m _identify(src/full_name_interfaces) by extension 'ros'
[0.613s] [34mcolcon.colcon_core.package_identification[0m [1;30mLevel 1[0m _identify(src/full_name_interfaces) by extensions ['cmake', 'python']
[0.613s] [34mcolcon.colcon_core.package_identification[0m [1;30mLevel 1[0m _identify(src/full_name_interfaces) by extension 'cmake'
[0.613s] [34mcolcon.colcon_core.package_identification[0m [1;30mLevel 1[0m _identify(src/full_name_interfaces) by extension 'python'
[0.614s] [34mcolcon.colcon_core.package_identification[0m [1;30mLevel 1[0m _identify(src/full_name_interfaces) by extensions ['python_setup_py']
[0.614s] [34mcolcon.colcon_core.package_identification[0m [1;30mLevel 1[0m _identify(src/full_name_interfaces) by extension 'python_setup_py'
[0.614s] [34mcolcon.colcon_core.package_identification[0m [1;30mLevel 1[0m _identify(src/full_name_interfaces/msg) by extensions ['ignore', 'ignore_ament_install']
[0.614s] [34mcolcon.colcon_core.package_identification[0m [1;30mLevel 1[0m _identify(src/full_name_interfaces/msg) by extension 'ignore'
[0.614s] [34mcolcon.colcon_core.package_identification[0m [1;30mLevel 1[0m _identify(src/full_name_interfaces/msg) by extension 'ignore_ament_install'
[0.614s] [34mcolcon.colcon_core.package_identification[0m [1;30mLevel 1[0m _identify(src/full_name_interfaces/msg) by extensions ['colcon_pkg']
[0.614s] [34mcolcon.colcon_core.package_identification[0m [1;30mLevel 1[0m _identify(src/full_name_interfaces/msg) by extension 'colcon_pkg'
[0.614s] [34mcolcon.colcon_core.package_identification[0m [1;30mLevel 1[0m _identify(src/full_name_interfaces/msg) by extensions ['colcon_meta']
[0.614s] [34mcolcon.colcon_core.package_identification[0m [1;30mLevel 1[0m _identify(src/full_name_interfaces/msg) by extension 'colcon_meta'
[0.614s] [34mcolcon.colcon_core.package_identification[0m [1;30mLevel 1[0m _identify(src/full_name_interfaces/msg) by extensions ['ros']
[0.614s] [34mcolcon.colcon_core.package_identification[0m [1;30mLevel 1[0m _identify(src/full_name_interfaces/msg) by extension 'ros'
[0.615s] [34mcolcon.colcon_core.package_identification[0m [1;30mLevel 1[0m _identify(src/full_name_interfaces/msg) by extensions ['cmake', 'python']
[0.615s] [34mcolcon.colcon_core.package_identification[0m [1;30mLevel 1[0m _identify(src/full_name_interfaces/msg) by extension 'cmake'
[0.615s] [34mcolcon.colcon_core.package_identification[0m [1;30mLevel 1[0m _identify(src/full_name_interfaces/msg) by extension 'python'
[0.615s] [34mcolcon.colcon_core.package_identification[0m [1;30mLevel 1[0m _identify(src/full_name_interfaces/msg) by extensions ['python_setup_py']
[0.615s] [34mcolcon.colcon_core.package_identification[0m [1;30mLevel 1[0m _identify(src/full_name_interfaces/msg) by extension 'python_setup_py'
[0.615s] [34mcolcon.colcon_core.package_identification[0m [1;30mLevel 1[0m _identify(src/full_name_interfaces/srv) by extensions ['ignore', 'ignore_ament_install']
[0.615s] [34mcolcon.colcon_core.package_identification[0m [1;30mLevel 1[0m _identify(src/full_name_interfaces/srv) by extension 'ignore'
[0.615s] [34mcolcon.colcon_core.package_identification[0m [1;30mLevel 1[0m _identify(src/full_name_interfaces/srv) by extension 'ignore_ament_install'
[0.615s] [34mcolcon.colcon_core.package_identification[0m [1;30mLevel 1[0m _identify(src/full_name_interfaces/srv) by extensions ['colcon_pkg']
[0.615s] [34mcolcon.colcon_core.package_identification[0m [1;30mLevel 1[0m _identify(src/full_name_interfaces/srv) by extension 'colcon_pkg'
[0.615s] [34mcolcon.colcon_core.package_identification[0m [1;30mLevel 1[0m _identify(src/full_name_interfaces/srv) by extensions ['colcon_meta']
[0.615s] [34mcolcon.colcon_core.package_identification[0m [1;30mLevel 1[0m _identify(src/full_name_interfaces/srv) by extension 'colcon_meta'
[0.616s] [34mcolcon.colcon_core.package_identification[0m [1;30mLevel 1[0m _identify(src/full_name_interfaces/srv) by extensions ['ros']
[0.616s] [34mcolcon.colcon_core.package_identification[0m [1;30mLevel 1[0m _identify(src/full_name_interfaces/srv) by extension 'ros'
[0.616s] [34mcolcon.colcon_core.package_identification[0m [1;30mLevel 1[0m _identify(src/full_name_interfaces/srv) by extensions ['cmake', 'python']
[0.616s] [34mcolcon.colcon_core.package_identification[0m [1;30mLevel 1[0m _identify(src/full_name_interfaces/srv) by extension 'cmake'
[0.616s] [34mcolcon.colcon_core.package_identification[0m [1;30mLevel 1[0m _identify(src/full_name_interfaces/srv) by extension 'python'
[0.616s] [34mcolcon.colcon_core.package_identification[0m [1;30mLevel 1[0m _identify(src/full_name_interfaces/srv) by extensions ['python_setup_py']
[0.616s] [34mcolcon.colcon_core.package_identification[0m [1;30mLevel 1[0m _identify(src/full_name_interfaces/srv) by extension 'python_setup_py'
[0.616s] [34mcolcon.colcon_core.package_discovery[0m [1;30mLevel 1[0m discover_packages(recursive) using defaults
[0.616s] [34mcolcon.colcon_core.package_discovery[0m [1;30mLevel 1[0m discover_packages(ignore) discover
[0.616s] [34mcolcon.colcon_core.package_discovery[0m [1;30mLevel 1[0m discover_packages(ignore) using defaults
[0.616s] [34mcolcon.colcon_core.package_discovery[0m [1;30mLevel 1[0m discover_packages(path) discover
[0.616s] [34mcolcon.colcon_core.package_discovery[0m [1;30mLevel 1[0m discover_packages(path) using defaults
[0.638s] [34mcolcon.colcon_core.package_discovery[0m [1;30mLevel 1[0m discover_packages(prefix_path) check parameters
[0.638s] [34mcolcon.colcon_core.package_discovery[0m [1;30mLevel 1[0m discover_packages(prefix_path) discover
[0.642s] [34mcolcon.colcon_installed_package_information.package_discovery[0m [1;30mDEBUG[0m [32mFound 271 installed packages in /opt/ros/humble[0m
[0.643s] [34mcolcon.colcon_core.package_discovery[0m [1;30mLevel 1[0m discover_packages(prefix_path) using defaults
[0.692s] [34mcolcon.colcon_core.verb[0m [1;30mLevel 5[0m set package 'full_name_interfaces' build argument 'cmake_args' from command line to 'None'
[0.693s] [34mcolcon.colcon_core.verb[0m [1;30mLevel 5[0m set package 'full_name_interfaces' build argument 'cmake_target' from command line to 'None'
[0.693s] [34mcolcon.colcon_core.verb[0m [1;30mLevel 5[0m set package 'full_name_interfaces' build argument 'cmake_target_skip_unavailable' from command line to 'False'
[0.693s] [34mcolcon.colcon_core.verb[0m [1;30mLevel 5[0m set package 'full_name_interfaces' build argument 'cmake_clean_cache' from command line to 'False'
[0.693s] [34mcolcon.colcon_core.verb[0m [1;30mLevel 5[0m set package 'full_name_interfaces' build argument 'cmake_clean_first' from command line to 'False'
[0.693s] [34mcolcon.colcon_core.verb[0m [1;30mLevel 5[0m set package 'full_name_interfaces' build argument 'cmake_force_configure' from command line to 'False'
[0.693s] [34mcolcon.colcon_core.verb[0m [1;30mLevel 5[0m set package 'full_name_interfaces' build argument 'ament_cmake_args' from command line to 'None'
[0.693s] [34mcolcon.colcon_core.verb[0m [1;30mLevel 5[0m set package 'full_name_interfaces' build argument 'catkin_cmake_args' from command line to 'None'
[0.693s] [34mcolcon.colcon_core.verb[0m [1;30mLevel 5[0m set package 'full_name_interfaces' build argument 'catkin_skip_building_tests' from command line to 'False'
[0.693s] [34mcolcon.colcon_core.verb[0m [1;30mDEBUG[0m [32mBuilding package 'full_name_interfaces' with the following arguments: {'ament_cmake_args': None, 'build_base': '/home/p1xta/Robotics/Task2/ex09/build/full_name_interfaces', 'catkin_cmake_args': None, 'catkin_skip_building_tests': False, 'cmake_args': None, 'cmake_clean_cache': False, 'cmake_clean_first': False, 'cmake_force_configure': False, 'cmake_target': None, 'cmake_target_skip_unavailable': False, 'install_base': '/home/p1xta/Robotics/Task2/ex09/install/full_name_interfaces', 'merge_install': False, 'path': '/home/p1xta/Robotics/Task2/ex09/full_name_interfaces', 'symlink_install': False, 'test_result_base': None}[0m
[0.693s] [34mcolcon.colcon_core.executor[0m [1;30mINFO[0m Executing jobs using 'parallel' executor
[0.696s] [34mcolcon.colcon_parallel_executor.executor.parallel[0m [1;30mDEBUG[0m [32mrun_until_complete[0m
[0.696s] [34mcolcon.colcon_ros.task.ament_cmake.build[0m [1;30mINFO[0m Building ROS package in '/home/p1xta/Robotics/Task2/ex09/full_name_interfaces' with build type 'ament_cmake'
[0.696s] [34mcolcon.colcon_cmake.task.cmake.build[0m [1;30mINFO[0m Building CMake package in '/home/p1xta/Robotics/Task2/ex09/full_name_interfaces'
[0.700s] [34mcolcon.colcon_core.plugin_system[0m [1;30mINFO[0m Skipping extension 'colcon_core.shell.bat': Not used on non-Windows systems
[0.701s] [34mcolcon.colcon_core.shell[0m [1;30mINFO[0m Skip shell extension 'powershell' for command environment: Not usable outside of PowerShell
[0.701s] [34mcolcon.colcon_core.shell[0m [1;30mDEBUG[0m [32mSkip shell extension 'dsv' for command environment[0m
[0.716s] [34mcolcon.colcon_core.event_handler.log_command[0m [1;30mDEBUG[0m [32mInvoking command in '/home/p1xta/Robotics/Task2/ex09/build/full_name_interfaces': CMAKE_PREFIX_PATH=/opt/ros/humble /usr/bin/cmake /home/p1xta/Robotics/Task2/ex09/full_name_interfaces -DCMAKE_INSTALL_PREFIX=/home/p1xta/Robotics/Task2/ex09/install/full_name_interfaces[0m
[3.590s] [34mcolcon.colcon_core.event_handler.log_command[0m [1;30mDEBUG[0m [32mInvoked command in '/home/p1xta/Robotics/Task2/ex09/build/full_name_interfaces' returned '0': CMAKE_PREFIX_PATH=/opt/ros/humble /usr/bin/cmake /home/p1xta/Robotics/Task2/ex09/full_name_interfaces -DCMAKE_INSTALL_PREFIX=/home/p1xta/Robotics/Task2/ex09/install/full_name_interfaces[0m
[3.594s] [34mcolcon.colcon_core.event_handler.log_command[0m [1;30mDEBUG[0m [32mInvoking command in '/home/p1xta/Robotics/Task2/ex09/build/full_name_interfaces': CMAKE_PREFIX_PATH=/opt/ros/humble /usr/bin/cmake --build /home/p1xta/Robotics/Task2/ex09/build/full_name_interfaces -- -j16 -l16[0m
[7.640s] [34mcolcon.colcon_core.event_handler.log_command[0m [1;30mDEBUG[0m [32mInvoked command in '/home/p1xta/Robotics/Task2/ex09/build/full_name_interfaces' returned '0': CMAKE_PREFIX_PATH=/opt/ros/humble /usr/bin/cmake --build /home/p1xta/Robotics/Task2/ex09/build/full_name_interfaces -- -j16 -l16[0m
[7.660s] [34mcolcon.colcon_core.event_handler.log_command[0m [1;30mDEBUG[0m [32mInvoking command in '/home/p1xta/Robotics/Task2/ex09/build/full_name_interfaces': CMAKE_PREFIX_PATH=/opt/ros/humble /usr/bin/cmake --install /home/p1xta/Robotics/Task2/ex09/build/full_name_interfaces[0m
[7.818s] [34mcolcon.colcon_core.environment[0m [1;30mLevel 1[0m create_environment_scripts_only(full_name_interfaces)
[7.819s] [34mcolcon.colcon_core.event_handler.log_command[0m [1;30mDEBUG[0m [32mInvoked command in '/home/p1xta/Robotics/Task2/ex09/build/full_name_interfaces' returned '0': CMAKE_PREFIX_PATH=/opt/ros/humble /usr/bin/cmake --install /home/p1xta/Robotics/Task2/ex09/build/full_name_interfaces[0m
[7.822s] [34mcolcon.colcon_core.environment[0m [1;30mLevel 1[0m checking '/home/p1xta/Robotics/Task2/ex09/install/full_name_interfaces' for CMake module files
[7.823s] [34mcolcon.colcon_core.environment[0m [1;30mLevel 1[0m checking '/home/p1xta/Robotics/Task2/ex09/install/full_name_interfaces' for CMake config files
[7.824s] [34mcolcon.colcon_core.shell[0m [1;30mLevel 1[0m create_environment_hook('full_name_interfaces', 'cmake_prefix_path')
[7.825s] [34mcolcon.colcon_core.shell[0m [1;30mINFO[0m Creating environment hook '/home/p1xta/Robotics/Task2/ex09/install/full_name_interfaces/share/full_name_interfaces/hook/cmake_prefix_path.ps1'
[7.827s] [34mcolcon.colcon_core.shell[0m [1;30mINFO[0m Creating environment descriptor '/home/p1xta/Robotics/Task2/ex09/install/full_name_interfaces/share/full_name_interfaces/hook/cmake_prefix_path.dsv'
[7.828s] [34mcolcon.colcon_core.shell[0m [1;30mINFO[0m Creating environment hook '/home/p1xta/Robotics/Task2/ex09/install/full_name_interfaces/share/full_name_interfaces/hook/cmake_prefix_path.sh'
[7.830s] [34mcolcon.colcon_core.environment[0m [1;30mLevel 1[0m checking '/home/p1xta/Robotics/Task2/ex09/install/full_name_interfaces/lib'
[7.830s] [34mcolcon.colcon_core.shell[0m [1;30mLevel 1[0m create_environment_hook('full_name_interfaces', 'ld_library_path_lib')
[7.830s] [34mcolcon.colcon_core.shell[0m [1;30mINFO[0m Creating environment hook '/home/p1xta/Robotics/Task2/ex09/install/full_name_interfaces/share/full_name_interfaces/hook/ld_library_path_lib.ps1'
[7.831s] [34mcolcon.colcon_core.shell[0m [1;30mINFO[0m Creating environment descriptor '/home/p1xta/Robotics/Task2/ex09/install/full_name_interfaces/share/full_name_interfaces/hook/ld_library_path_lib.dsv'
[7.831s] [34mcolcon.colcon_core.shell[0m [1;30mINFO[0m Creating environment hook '/home/p1xta/Robotics/Task2/ex09/install/full_name_interfaces/share/full_name_interfaces/hook/ld_library_path_lib.sh'
[7.832s] [34mcolcon.colcon_core.environment[0m [1;30mLevel 1[0m checking '/home/p1xta/Robotics/Task2/ex09/install/full_name_interfaces/bin'
[7.832s] [34mcolcon.colcon_core.environment[0m [1;30mLevel 1[0m checking '/home/p1xta/Robotics/Task2/ex09/install/full_name_interfaces/lib/pkgconfig/full_name_interfaces.pc'
[7.832s] [34mcolcon.colcon_core.environment[0m [1;30mLevel 1[0m checking '/home/p1xta/Robotics/Task2/ex09/install/full_name_interfaces/lib/python3.10/site-packages'
[7.832s] [34mcolcon.colcon_core.environment[0m [1;30mLevel 1[0m checking '/home/p1xta/Robotics/Task2/ex09/install/full_name_interfaces/bin'
[7.833s] [34mcolcon.colcon_core.shell[0m [1;30mINFO[0m Creating package script '/home/p1xta/Robotics/Task2/ex09/install/full_name_interfaces/share/full_name_interfaces/package.ps1'
[7.834s] [34mcolcon.colcon_core.shell[0m [1;30mINFO[0m Creating package descriptor '/home/p1xta/Robotics/Task2/ex09/install/full_name_interfaces/share/full_name_interfaces/package.dsv'
[7.835s] [34mcolcon.colcon_core.shell[0m [1;30mINFO[0m Creating package script '/home/p1xta/Robotics/Task2/ex09/install/full_name_interfaces/share/full_name_interfaces/package.sh'
[7.836s] [34mcolcon.colcon_core.shell[0m [1;30mINFO[0m Creating package script '/home/p1xta/Robotics/Task2/ex09/install/full_name_interfaces/share/full_name_interfaces/package.bash'
[7.837s] [34mcolcon.colcon_core.shell[0m [1;30mINFO[0m Creating package script '/home/p1xta/Robotics/Task2/ex09/install/full_name_interfaces/share/full_name_interfaces/package.zsh'
[7.838s] [34mcolcon.colcon_core.environment[0m [1;30mLevel 1[0m create_file_with_runtime_dependencies(/home/p1xta/Robotics/Task2/ex09/install/full_name_interfaces/share/colcon-core/packages/full_name_interfaces)
[7.839s] [34mcolcon.colcon_core.environment[0m [1;30mLevel 1[0m create_environment_scripts_only(full_name_interfaces)
[7.839s] [34mcolcon.colcon_core.environment[0m [1;30mLevel 1[0m checking '/home/p1xta/Robotics/Task2/ex09/install/full_name_interfaces' for CMake module files
[7.840s] [34mcolcon.colcon_core.environment[0m [1;30mLevel 1[0m checking '/home/p1xta/Robotics/Task2/ex09/install/full_name_interfaces' for CMake config files
[7.841s] [34mcolcon.colcon_core.shell[0m [1;30mLevel 1[0m create_environment_hook('full_name_interfaces', 'cmake_prefix_path')
[7.841s] [34mcolcon.colcon_core.shell[0m [1;30mINFO[0m Creating environment hook '/home/p1xta/Robotics/Task2/ex09/install/full_name_interfaces/share/full_name_interfaces/hook/cmake_prefix_path.ps1'
[7.842s] [34mcolcon.colcon_core.shell[0m [1;30mINFO[0m Creating environment descriptor '/home/p1xta/Robotics/Task2/ex09/install/full_name_interfaces/share/full_name_interfaces/hook/cmake_prefix_path.dsv'
[7.842s] [34mcolcon.colcon_core.shell[0m [1;30mINFO[0m Creating environment hook '/home/p1xta/Robotics/Task2/ex09/install/full_name_interfaces/share/full_name_interfaces/hook/cmake_prefix_path.sh'
[7.843s] [34mcolcon.colcon_core.environment[0m [1;30mLevel 1[0m checking '/home/p1xta/Robotics/Task2/ex09/install/full_name_interfaces/lib'
[7.843s] [34mcolcon.colcon_core.shell[0m [1;30mLevel 1[0m create_environment_hook('full_name_interfaces', 'ld_library_path_lib')
[7.843s] [34mcolcon.colcon_core.shell[0m [1;30mINFO[0m Creating environment hook '/home/p1xta/Robotics/Task2/ex09/install/full_name_interfaces/share/full_name_interfaces/hook/ld_library_path_lib.ps1'
[7.844s] [34mcolcon.colcon_core.shell[0m [1;30mINFO[0m Creating environment descriptor '/home/p1xta/Robotics/Task2/ex09/install/full_name_interfaces/share/full_name_interfaces/hook/ld_library_path_lib.dsv'
[7.844s] [34mcolcon.colcon_core.shell[0m [1;30mINFO[0m Creating environment hook '/home/p1xta/Robotics/Task2/ex09/install/full_name_interfaces/share/full_name_interfaces/hook/ld_library_path_lib.sh'
[7.845s] [34mcolcon.colcon_core.environment[0m [1;30mLevel 1[0m checking '/home/p1xta/Robotics/Task2/ex09/install/full_name_interfaces/bin'
[7.845s] [34mcolcon.colcon_core.environment[0m [1;30mLevel 1[0m checking '/home/p1xta/Robotics/Task2/ex09/install/full_name_interfaces/lib/pkgconfig/full_name_interfaces.pc'
[7.845s] [34mcolcon.colcon_core.environment[0m [1;30mLevel 1[0m checking '/home/p1xta/Robotics/Task2/ex09/install/full_name_interfaces/lib/python3.10/site-packages'
[7.846s] [34mcolcon.colcon_core.environment[0m [1;30mLevel 1[0m checking '/home/p1xta/Robotics/Task2/ex09/install/full_name_interfaces/bin'
[7.846s] [34mcolcon.colcon_core.shell[0m [1;30mINFO[0m Creating package script '/home/p1xta/Robotics/Task2/ex09/install/full_name_interfaces/share/full_name_interfaces/package.ps1'
[7.847s] [34mcolcon.colcon_core.shell[0m [1;30mINFO[0m Creating package descriptor '/home/p1xta/Robotics/Task2/ex09/install/full_name_interfaces/share/full_name_interfaces/package.dsv'
[7.848s] [34mcolcon.colcon_core.shell[0m [1;30mINFO[0m Creating package script '/home/p1xta/Robotics/Task2/ex09/install/full_name_interfaces/share/full_name_interfaces/package.sh'
[7.848s] [34mcolcon.colcon_core.shell[0m [1;30mINFO[0m Creating package script '/home/p1xta/Robotics/Task2/ex09/install/full_name_interfaces/share/full_name_interfaces/package.bash'
[7.849s] [34mcolcon.colcon_core.shell[0m [1;30mINFO[0m Creating package script '/home/p1xta/Robotics/Task2/ex09/install/full_name_interfaces/share/full_name_interfaces/package.zsh'
[7.850s] [34mcolcon.colcon_core.environment[0m [1;30mLevel 1[0m create_file_with_runtime_dependencies(/home/p1xta/Robotics/Task2/ex09/install/full_name_interfaces/share/colcon-core/packages/full_name_interfaces)
[7.850s] [34mcolcon.colcon_parallel_executor.executor.parallel[0m [1;30mDEBUG[0m [32mclosing loop[0m
[7.851s] [34mcolcon.colcon_parallel_executor.executor.parallel[0m [1;30mDEBUG[0m [32mloop closed[0m
[7.851s] [34mcolcon.colcon_parallel_executor.executor.parallel[0m [1;30mDEBUG[0m [32mrun_until_complete finished with '0'[0m
[7.851s] [34mcolcon.colcon_core.event_reactor[0m [1;30mDEBUG[0m [32mjoining thread[0m
[7.943s] [34mcolcon.colcon_core.plugin_system[0m [1;30mINFO[0m Skipping extension 'colcon_notification.desktop_notification.notify_send': Could not find 'notify-send'
[7.944s] [34mcolcon.colcon_core.plugin_system[0m [1;30mINFO[0m Skipping extension 'colcon_notification.desktop_notification.terminal_notifier': Not used on non-Darwin systems
[7.944s] [34mcolcon.colcon_core.plugin_system[0m [1;30mINFO[0m Skipping extension 'colcon_notification.desktop_notification.win32': Not used on non-Windows systems
[7.944s] [34mcolcon.colcon_notification.desktop_notification[0m [1;30mINFO[0m Sending desktop notification using 'notify2'
[7.944s] [34mcolcon.colcon_notification.desktop_notification.notify2[0m [1;30mDEBUG[0m [32mFailed to initialize notify2: org.freedesktop.DBus.Error.FileNotFound: Failed to connect to socket /run/user/1000/bus: No such file or directory[0m
[7.944s] [34mcolcon.colcon_core.event_reactor[0m [1;30mDEBUG[0m [32mjoined thread[0m
[7.945s] [34mcolcon.colcon_core.shell[0m [1;30mINFO[0m Creating prefix script '/home/p1xta/Robotics/Task2/ex09/install/local_setup.ps1'
[7.946s] [34mcolcon.colcon_core.shell[0m [1;30mINFO[0m Creating prefix util module '/home/p1xta/Robotics/Task2/ex09/install/_local_setup_util_ps1.py'
[7.948s] [34mcolcon.colcon_core.shell[0m [1;30mINFO[0m Creating prefix chain script '/home/p1xta/Robotics/Task2/ex09/install/setup.ps1'
[7.949s] [34mcolcon.colcon_core.shell[0m [1;30mINFO[0m Creating prefix script '/home/p1xta/Robotics/Task2/ex09/install/local_setup.sh'
[7.950s] [34mcolcon.colcon_core.shell[0m [1;30mINFO[0m Creating prefix util module '/home/p1xta/Robotics/Task2/ex09/install/_local_setup_util_sh.py'
[7.951s] [34mcolcon.colcon_core.shell[0m [1;30mINFO[0m Creating prefix chain script '/home/p1xta/Robotics/Task2/ex09/install/setup.sh'
[7.952s] [34mcolcon.colcon_core.shell[0m [1;30mINFO[0m Creating prefix script '/home/p1xta/Robotics/Task2/ex09/install/local_setup.bash'
[7.953s] [34mcolcon.colcon_core.shell[0m [1;30mINFO[0m Creating prefix chain script '/home/p1xta/Robotics/Task2/ex09/install/setup.bash'
[7.954s] [34mcolcon.colcon_core.shell[0m [1;30mINFO[0m Creating prefix script '/home/p1xta/Robotics/Task2/ex09/install/local_setup.zsh'
[7.955s] [34mcolcon.colcon_core.shell[0m [1;30mINFO[0m Creating prefix chain script '/home/p1xta/Robotics/Task2/ex09/install/setup.zsh'
