[0.765s] [34mcolcon[0m [1;30mDEBUG[0m [32mCommand line arguments: ['/usr/bin/colcon', 'edit', 'full_name_interfaces', 'srv/FullNameSumService'][0m
[0.765s] [34mcolcon[0m [1;30mDEBUG[0m [32mParsed command line arguments: Namespace(log_base=None, log_level=None, verb_name='edit', package_name='full_name_interfaces', filename='srv/FullNameSumService', ignore_user_meta=False, metas=['./colcon.meta'], base_paths=['.'], packages_ignore=None, packages_ignore_regex=None, paths=None, mixin_files=None, mixin=None, verb_parser=<colcon_mixin.mixin.mixin_argument.MixinArgumentDecorator object at 0x76f3de2c8ee0>, verb_extension=<colcon_ed.verb.edit.EditVerb object at 0x76f3de441900>, main=<bound method EditVerb.main of <colcon_ed.verb.edit.EditVerb object at 0x76f3de441900>>, mixin_verb=('edit',))[0m
[1.575s] [34mcolcon.colcon_core.package_discovery[0m [1;30mLevel 1[0m discover_packages(colcon_meta) check parameters
[1.576s] [34mcolcon.colcon_core.package_discovery[0m [1;30mLevel 1[0m discover_packages(recursive) check parameters
[1.576s] [34mcolcon.colcon_core.package_discovery[0m [1;30mLevel 1[0m discover_packages(ignore) check parameters
[1.576s] [34mcolcon.colcon_core.package_discovery[0m [1;30mLevel 1[0m discover_packages(path) check parameters
[1.576s] [34mcolcon.colcon_core.package_discovery[0m [1;30mLevel 1[0m discover_packages(colcon_meta) discover
[1.576s] [34mcolcon.colcon_core.package_discovery[0m [1;30mLevel 1[0m discover_packages(recursive) discover
[1.576s] [34mcolcon.colcon_core.package_discovery[0m [1;30mINFO[0m Crawling recursively for packages in '/home/p1xta/Robotics/Task2/ex09'
[1.576s] [34mcolcon.colcon_core.package_identification[0m [1;30mLevel 1[0m _identify(.) by extensions ['ignore', 'ignore_ament_install']
[1.576s] [34mcolcon.colcon_core.package_identification[0m [1;30mLevel 1[0m _identify(.) by extension 'ignore'
[1.576s] [34mcolcon.colcon_core.package_identification[0m [1;30mLevel 1[0m _identify(.) by extension 'ignore_ament_install'
[1.576s] [34mcolcon.colcon_core.package_identification[0m [1;30mLevel 1[0m _identify(.) by extensions ['colcon_pkg']
[1.576s] [34mcolcon.colcon_core.package_identification[0m [1;30mLevel 1[0m _identify(.) by extension 'colcon_pkg'
[1.577s] [34mcolcon.colcon_core.package_identification[0m [1;30mLevel 1[0m _identify(.) by extensions ['colcon_meta']
[1.577s] [34mcolcon.colcon_core.package_identification[0m [1;30mLevel 1[0m _identify(.) by extension 'colcon_meta'
[1.577s] [34mcolcon.colcon_core.package_identification[0m [1;30mLevel 1[0m _identify(.) by extensions ['ros']
[1.577s] [34mcolcon.colcon_core.package_identification[0m [1;30mLevel 1[0m _identify(.) by extension 'ros'
[1.601s] [34mcolcon.colcon_core.package_identification[0m [1;30mLevel 1[0m _identify(.) by extensions ['cmake', 'python']
[1.601s] [34mcolcon.colcon_core.package_identification[0m [1;30mLevel 1[0m _identify(.) by extension 'cmake'
[1.601s] [34mcolcon.colcon_core.package_identification[0m [1;30mLevel 1[0m _identify(.) by extension 'python'
[1.601s] [34mcolcon.colcon_core.package_identification[0m [1;30mLevel 1[0m _identify(.) by extensions ['python_setup_py']
[1.601s] [34mcolcon.colcon_core.package_identification[0m [1;30mLevel 1[0m _identify(.) by extension 'python_setup_py'
[1.602s] [34mcolcon.colcon_core.package_identification[0m [1;30mLevel 1[0m _identify(build) by extensions ['ignore', 'ignore_ament_install']
[1.602s] [34mcolcon.colcon_core.package_identification[0m [1;30mLevel 1[0m _identify(build) by extension 'ignore'
[1.602s] [34mcolcon.colcon_core.package_identification[0m [1;30mLevel 1[0m _identify(build) ignored
[1.603s] [34mcolcon.colcon_core.package_identification[0m [1;30mLevel 1[0m _identify(full_name_interfaces) by extensions ['ignore', 'ignore_ament_install']
[1.603s] [34mcolcon.colcon_core.package_identification[0m [1;30mLevel 1[0m _identify(full_name_interfaces) by extension 'ignore'
[1.603s] [34mcolcon.colcon_core.package_identification[0m [1;30mLevel 1[0m _identify(full_name_interfaces) by extension 'ignore_ament_install'
[1.603s] [34mcolcon.colcon_core.package_identification[0m [1;30mLevel 1[0m _identify(full_name_interfaces) by extensions ['colcon_pkg']
[1.603s] [34mcolcon.colcon_core.package_identification[0m [1;30mLevel 1[0m _identify(full_name_interfaces) by extension 'colcon_pkg'
[1.603s] [34mcolcon.colcon_core.package_identification[0m [1;30mLevel 1[0m _identify(full_name_interfaces) by extensions ['colcon_meta']
[1.603s] [34mcolcon.colcon_core.package_identification[0m [1;30mLevel 1[0m _identify(full_name_interfaces) by extension 'colcon_meta'
[1.603s] [34mcolcon.colcon_core.package_identification[0m [1;30mLevel 1[0m _identify(full_name_interfaces) by extensions ['ros']
[1.603s] [34mcolcon.colcon_core.package_identification[0m [1;30mLevel 1[0m _identify(full_name_interfaces) by extension 'ros'
[1.609s] [34mcolcon.colcon_core.package_identification[0m [1;30mDEBUG[0m [32mPackage 'full_name_interfaces' with type 'ros.ament_cmake' and name 'full_name_interfaces'[0m
[1.610s] [34mcolcon.colcon_core.package_identification[0m [1;30mLevel 1[0m _identify(install) by extensions ['ignore', 'ignore_ament_install']
[1.610s] [34mcolcon.colcon_core.package_identification[0m [1;30mLevel 1[0m _identify(install) by extension 'ignore'
[1.610s] [34mcolcon.colcon_core.package_identification[0m [1;30mLevel 1[0m _identify(install) ignored
[1.610s] [34mcolcon.colcon_core.package_identification[0m [1;30mLevel 1[0m _identify(log) by extensions ['ignore', 'ignore_ament_install']
[1.610s] [34mcolcon.colcon_core.package_identification[0m [1;30mLevel 1[0m _identify(log) by extension 'ignore'
[1.610s] [34mcolcon.colcon_core.package_identification[0m [1;30mLevel 1[0m _identify(log) ignored
[1.611s] [34mcolcon.colcon_core.package_identification[0m [1;30mLevel 1[0m _identify(src) by extensions ['ignore', 'ignore_ament_install']
[1.611s] [34mcolcon.colcon_core.package_identification[0m [1;30mLevel 1[0m _identify(src) by extension 'ignore'
[1.611s] [34mcolcon.colcon_core.package_identification[0m [1;30mLevel 1[0m _identify(src) by extension 'ignore_ament_install'
[1.611s] [34mcolcon.colcon_core.package_identification[0m [1;30mLevel 1[0m _identify(src) by extensions ['colcon_pkg']
[1.611s] [34mcolcon.colcon_core.package_identification[0m [1;30mLevel 1[0m _identify(src) by extension 'colcon_pkg'
[1.611s] [34mcolcon.colcon_core.package_identification[0m [1;30mLevel 1[0m _identify(src) by extensions ['colcon_meta']
[1.611s] [34mcolcon.colcon_core.package_identification[0m [1;30mLevel 1[0m _identify(src) by extension 'colcon_meta'
[1.611s] [34mcolcon.colcon_core.package_identification[0m [1;30mLevel 1[0m _identify(src) by extensions ['ros']
[1.611s] [34mcolcon.colcon_core.package_identification[0m [1;30mLevel 1[0m _identify(src) by extension 'ros'
[1.611s] [34mcolcon.colcon_core.package_identification[0m [1;30mLevel 1[0m _identify(src) by extensions ['cmake', 'python']
[1.611s] [34mcolcon.colcon_core.package_identification[0m [1;30mLevel 1[0m _identify(src) by extension 'cmake'
[1.611s] [34mcolcon.colcon_core.package_identification[0m [1;30mLevel 1[0m _identify(src) by extension 'python'
[1.611s] [34mcolcon.colcon_core.package_identification[0m [1;30mLevel 1[0m _identify(src) by extensions ['python_setup_py']
[1.611s] [34mcolcon.colcon_core.package_identification[0m [1;30mLevel 1[0m _identify(src) by extension 'python_setup_py'
[1.612s] [34mcolcon.colcon_core.package_identification[0m [1;30mLevel 1[0m _identify(src/full_name_interfaces) by extensions ['ignore', 'ignore_ament_install']
[1.612s] [34mcolcon.colcon_core.package_identification[0m [1;30mLevel 1[0m _identify(src/full_name_interfaces) by extension 'ignore'
[1.612s] [34mcolcon.colcon_core.package_identification[0m [1;30mLevel 1[0m _identify(src/full_name_interfaces) by extension 'ignore_ament_install'
[1.612s] [34mcolcon.colcon_core.package_identification[0m [1;30mLevel 1[0m _identify(src/full_name_interfaces) by extensions ['colcon_pkg']
[1.612s] [34mcolcon.colcon_core.package_identification[0m [1;30mLevel 1[0m _identify(src/full_name_interfaces) by extension 'colcon_pkg'
[1.612s] [34mcolcon.colcon_core.package_identification[0m [1;30mLevel 1[0m _identify(src/full_name_interfaces) by extensions ['colcon_meta']
[1.613s] [34mcolcon.colcon_core.package_identification[0m [1;30mLevel 1[0m _identify(src/full_name_interfaces) by extension 'colcon_meta'
[1.613s] [34mcolcon.colcon_core.package_identification[0m [1;30mLevel 1[0m _identify(src/full_name_interfaces) by extensions ['ros']
[1.613s] [34mcolcon.colcon_core.package_identification[0m [1;30mLevel 1[0m _identify(src/full_name_interfaces) by extension 'ros'
[1.613s] [34mcolcon.colcon_core.package_identification[0m [1;30mLevel 1[0m _identify(src/full_name_interfaces) by extensions ['cmake', 'python']
[1.613s] [34mcolcon.colcon_core.package_identification[0m [1;30mLevel 1[0m _identify(src/full_name_interfaces) by extension 'cmake'
[1.613s] [34mcolcon.colcon_core.package_identification[0m [1;30mLevel 1[0m _identify(src/full_name_interfaces) by extension 'python'
[1.613s] [34mcolcon.colcon_core.package_identification[0m [1;30mLevel 1[0m _identify(src/full_name_interfaces) by extensions ['python_setup_py']
[1.613s] [34mcolcon.colcon_core.package_identification[0m [1;30mLevel 1[0m _identify(src/full_name_interfaces) by extension 'python_setup_py'
[1.614s] [34mcolcon.colcon_core.package_identification[0m [1;30mLevel 1[0m _identify(src/full_name_interfaces/msg) by extensions ['ignore', 'ignore_ament_install']
[1.614s] [34mcolcon.colcon_core.package_identification[0m [1;30mLevel 1[0m _identify(src/full_name_interfaces/msg) by extension 'ignore'
[1.614s] [34mcolcon.colcon_core.package_identification[0m [1;30mLevel 1[0m _identify(src/full_name_interfaces/msg) by extension 'ignore_ament_install'
[1.614s] [34mcolcon.colcon_core.package_identification[0m [1;30mLevel 1[0m _identify(src/full_name_interfaces/msg) by extensions ['colcon_pkg']
[1.614s] [34mcolcon.colcon_core.package_identification[0m [1;30mLevel 1[0m _identify(src/full_name_interfaces/msg) by extension 'colcon_pkg'
[1.614s] [34mcolcon.colcon_core.package_identification[0m [1;30mLevel 1[0m _identify(src/full_name_interfaces/msg) by extensions ['colcon_meta']
[1.614s] [34mcolcon.colcon_core.package_identification[0m [1;30mLevel 1[0m _identify(src/full_name_interfaces/msg) by extension 'colcon_meta'
[1.614s] [34mcolcon.colcon_core.package_identification[0m [1;30mLevel 1[0m _identify(src/full_name_interfaces/msg) by extensions ['ros']
[1.614s] [34mcolcon.colcon_core.package_identification[0m [1;30mLevel 1[0m _identify(src/full_name_interfaces/msg) by extension 'ros'
[1.614s] [34mcolcon.colcon_core.package_identification[0m [1;30mLevel 1[0m _identify(src/full_name_interfaces/msg) by extensions ['cmake', 'python']
[1.614s] [34mcolcon.colcon_core.package_identification[0m [1;30mLevel 1[0m _identify(src/full_name_interfaces/msg) by extension 'cmake'
[1.614s] [34mcolcon.colcon_core.package_identification[0m [1;30mLevel 1[0m _identify(src/full_name_interfaces/msg) by extension 'python'
[1.614s] [34mcolcon.colcon_core.package_identification[0m [1;30mLevel 1[0m _identify(src/full_name_interfaces/msg) by extensions ['python_setup_py']
[1.614s] [34mcolcon.colcon_core.package_identification[0m [1;30mLevel 1[0m _identify(src/full_name_interfaces/msg) by extension 'python_setup_py'
[1.615s] [34mcolcon.colcon_core.package_identification[0m [1;30mLevel 1[0m _identify(src/full_name_interfaces/srv) by extensions ['ignore', 'ignore_ament_install']
[1.615s] [34mcolcon.colcon_core.package_identification[0m [1;30mLevel 1[0m _identify(src/full_name_interfaces/srv) by extension 'ignore'
[1.615s] [34mcolcon.colcon_core.package_identification[0m [1;30mLevel 1[0m _identify(src/full_name_interfaces/srv) by extension 'ignore_ament_install'
[1.615s] [34mcolcon.colcon_core.package_identification[0m [1;30mLevel 1[0m _identify(src/full_name_interfaces/srv) by extensions ['colcon_pkg']
[1.616s] [34mcolcon.colcon_core.package_identification[0m [1;30mLevel 1[0m _identify(src/full_name_interfaces/srv) by extension 'colcon_pkg'
[1.616s] [34mcolcon.colcon_core.package_identification[0m [1;30mLevel 1[0m _identify(src/full_name_interfaces/srv) by extensions ['colcon_meta']
[1.616s] [34mcolcon.colcon_core.package_identification[0m [1;30mLevel 1[0m _identify(src/full_name_interfaces/srv) by extension 'colcon_meta'
[1.616s] [34mcolcon.colcon_core.package_identification[0m [1;30mLevel 1[0m _identify(src/full_name_interfaces/srv) by extensions ['ros']
[1.616s] [34mcolcon.colcon_core.package_identification[0m [1;30mLevel 1[0m _identify(src/full_name_interfaces/srv) by extension 'ros'
[1.616s] [34mcolcon.colcon_core.package_identification[0m [1;30mLevel 1[0m _identify(src/full_name_interfaces/srv) by extensions ['cmake', 'python']
[1.616s] [34mcolcon.colcon_core.package_identification[0m [1;30mLevel 1[0m _identify(src/full_name_interfaces/srv) by extension 'cmake'
[1.616s] [34mcolcon.colcon_core.package_identification[0m [1;30mLevel 1[0m _identify(src/full_name_interfaces/srv) by extension 'python'
[1.616s] [34mcolcon.colcon_core.package_identification[0m [1;30mLevel 1[0m _identify(src/full_name_interfaces/srv) by extensions ['python_setup_py']
[1.616s] [34mcolcon.colcon_core.package_identification[0m [1;30mLevel 1[0m _identify(src/full_name_interfaces/srv) by extension 'python_setup_py'
[1.616s] [34mcolcon.colcon_core.package_discovery[0m [1;30mLevel 1[0m discover_packages(recursive) using defaults
[1.616s] [34mcolcon.colcon_core.package_discovery[0m [1;30mLevel 1[0m discover_packages(ignore) discover
[1.616s] [34mcolcon.colcon_core.package_discovery[0m [1;30mLevel 1[0m discover_packages(ignore) using defaults
[1.616s] [34mcolcon.colcon_core.package_discovery[0m [1;30mLevel 1[0m discover_packages(path) discover
[1.616s] [34mcolcon.colcon_core.package_discovery[0m [1;30mLevel 1[0m discover_packages(path) using defaults
